TN:
SF:lib/index.ts
FNF:0
FNH:0
DA:70,0
DA:121,0
DA:122,0
DA:129,0
DA:130,0
DA:131,0
DA:132,0
DA:133,0
DA:134,0
DA:141,0
DA:147,0
LF:11
LH:0
BRDA:121,0,0,0
BRDA:121,0,1,0
BRF:2
BRH:0
end_of_record
TN:
SF:lib/checks/index.ts
FNF:0
FNH:0
LF:0
LH:0
BRF:0
BRH:0
end_of_record
TN:
SF:lib/checks/aria/abstractrole-evaluate.ts
FN:27,abstractroleEvaluate
FN:34,(anonymous_1)
FNF:2
FNH:0
FNDA:0,abstractroleEvaluate
FNDA:0,(anonymous_1)
DA:33,0
DA:34,0
DA:37,0
DA:38,0
DA:39,0
DA:42,0
LF:6
LH:0
BRDA:37,0,0,0
BRDA:37,0,1,0
BRF:2
BRH:0
end_of_record
TN:
SF:lib/checks/aria/aria-allowed-attr-evaluate.ts
FN:29,ariaAllowedAttrEvaluate
FN:62,(anonymous_1)
FN:72,ignoredAttrs
FNF:3
FNH:0
FNDA:0,ariaAllowedAttrEvaluate
FNDA:0,(anonymous_1)
FNDA:0,ignoredAttrs
DA:35,0
DA:36,0
DA:37,0
DA:41,0
DA:42,0
DA:46,0
DA:47,0
DA:52,0
DA:56,0
DA:57,0
DA:60,0
DA:62,0
DA:66,0
DA:67,0
DA:69,0
DA:79,0
DA:80,0
DA:85,0
DA:90,0
DA:93,0
LF:20
LH:0
BRDA:37,0,0,0
BRDA:37,0,1,0
BRDA:41,1,0,0
BRDA:41,1,1,0
BRDA:41,2,0,0
BRDA:41,2,1,0
BRDA:47,3,0,0
BRDA:47,3,1,0
BRDA:47,4,0,0
BRDA:47,4,1,0
BRDA:47,4,2,0
BRDA:56,5,0,0
BRDA:56,5,1,0
BRDA:66,6,0,0
BRDA:66,6,1,0
BRDA:66,7,0,0
BRDA:66,7,1,0
BRDA:66,7,2,0
BRDA:79,8,0,0
BRDA:79,8,1,0
BRDA:79,9,0,0
BRDA:79,9,1,0
BRDA:85,10,0,0
BRDA:85,10,1,0
BRDA:86,11,0,0
BRDA:86,11,1,0
BRDA:86,11,2,0
BRF:27
BRH:0
end_of_record
TN:
SF:lib/checks/aria/aria-allowed-role-evaluate.ts
FN:15,ariaAllowedRoleEvaluate
FN:30,(anonymous_1)
FNF:2
FNH:0
FNDA:0,ariaAllowedRoleEvaluate
FNDA:0,(anonymous_1)
DA:26,0
DA:27,0
DA:30,0
DA:31,0
DA:34,0
DA:35,0
DA:36,0
DA:37,0
DA:39,0
DA:41,0
DA:43,0
LF:11
LH:0
BRDA:18,0,0,0
BRDA:26,1,0,0
BRDA:26,2,0,0
BRDA:30,3,0,0
BRDA:30,3,1,0
BRDA:35,4,0,0
BRDA:35,4,1,0
BRDA:37,5,0,0
BRDA:37,5,1,0
BRF:9
BRH:0
end_of_record
TN:
SF:lib/checks/aria/aria-busy-evaluate.ts
FN:7,ariaBusyEvaluate
FNF:1
FNH:0
FNDA:0,ariaBusyEvaluate
DA:12,0
LF:1
LH:0
BRF:0
BRH:0
end_of_record
TN:
SF:lib/checks/aria/aria-conditional-attr-evaluate.ts
FN:10,ariaConditionalAttrEvaluate
FNF:1
FNH:0
FNDA:0,ariaConditionalAttrEvaluate
DA:5,0
DA:16,0
DA:17,0
DA:18,0
DA:20,0
LF:5
LH:0
BRDA:17,0,0,0
BRDA:17,0,1,0
BRDA:17,1,0,0
BRDA:17,1,1,0
BRF:4
BRH:0
end_of_record
TN:
SF:lib/checks/aria/aria-conditional-checkbox-attr-evaluate.ts
FN:1,ariaConditionalCheckboxAttr
FN:24,getCheckState
FN:31,normalizeAriaChecked
FNF:3
FNH:0
FNDA:0,ariaConditionalCheckboxAttr
FNDA:0,getCheckState
FNDA:0,normalizeAriaChecked
DA:7,0
DA:8,0
DA:9,0
DA:10,0
DA:13,0
DA:14,0
DA:15,0
DA:17,0
DA:21,0
DA:25,0
DA:26,0
DA:28,0
DA:32,0
DA:33,0
DA:35,0
DA:36,0
DA:37,0
DA:39,0
LF:18
LH:0
BRDA:9,0,0,0
BRDA:9,0,1,0
BRDA:9,1,0,0
BRDA:9,1,1,0
BRDA:9,1,2,0
BRDA:14,2,0,0
BRDA:14,2,1,0
BRDA:25,3,0,0
BRDA:25,3,1,0
BRDA:28,4,0,0
BRDA:28,4,1,0
BRDA:32,5,0,0
BRDA:32,5,1,0
BRDA:36,6,0,0
BRDA:36,6,1,0
BRF:15
BRH:0
end_of_record
TN:
SF:lib/checks/aria/aria-conditional-row-attr-evaluate.ts
FN:4,ariaConditionalRowAttr
FN:11,(anonymous_1)
FN:29,getRowOwner
FNF:3
FNH:0
FNDA:0,ariaConditionalRowAttr
FNDA:0,(anonymous_1)
FNDA:0,getRowOwner
DA:11,0
DA:12,0
DA:14,0
DA:15,0
DA:18,0
DA:19,0
DA:20,0
DA:21,0
DA:24,0
DA:25,0
DA:26,0
DA:31,0
DA:32,0
DA:35,0
DA:36,0
LF:15
LH:0
BRDA:7,0,0,0
BRDA:11,1,0,0
BRDA:11,1,1,0
BRDA:14,2,0,0
BRDA:14,2,1,0
BRDA:19,3,0,0
BRDA:19,3,1,0
BRDA:20,4,0,0
BRDA:20,4,1,0
BRDA:20,5,0,0
BRDA:20,5,1,0
BRDA:24,6,0,0
BRDA:24,6,1,0
BRDA:31,7,0,0
BRDA:31,7,1,0
BRF:15
BRH:0
end_of_record
TN:
SF:lib/checks/aria/aria-errormessage-evaluate.ts
FN:27,ariaErrormessageEvaluate
FN:47,validateAttrValue
FN:82,(anonymous_2)
FNF:3
FNH:0
FNDA:0,ariaErrormessageEvaluate
FNDA:0,validateAttrValue
FNDA:0,(anonymous_2)
DA:33,0
DA:35,0
DA:36,0
DA:37,0
DA:38,0
DA:42,0
DA:43,0
DA:46,0
DA:48,0
DA:49,0
DA:52,0
DA:53,0
DA:54,0
DA:55,0
DA:59,0
DA:60,0
DA:62,0
DA:66,0
DA:69,0
DA:70,0
DA:71,0
DA:75,0
DA:77,0
DA:78,0
DA:83,0
DA:88,0
DA:92,0
DA:93,0
DA:94,0
DA:97,0
LF:30
LH:0
BRDA:33,0,0,0
BRDA:33,0,1,0
BRDA:42,1,0,0
BRDA:42,1,1,0
BRDA:42,2,0,0
BRDA:42,2,1,0
BRDA:48,3,0,0
BRDA:48,3,1,0
BRDA:53,4,0,0
BRDA:53,4,1,0
BRDA:60,5,0,0
BRDA:60,5,1,0
BRDA:69,6,0,0
BRDA:69,6,1,0
BRDA:70,7,0,0
BRDA:70,7,1,0
BRDA:78,8,0,0
BRDA:78,8,1,0
BRDA:78,8,2,0
BRDA:78,8,3,0
BRDA:92,9,0,0
BRDA:92,9,1,0
BRDA:92,10,0,0
BRDA:92,10,1,0
BRF:24
BRH:0
end_of_record
TN:
SF:lib/checks/aria/aria-hidden-body-evaluate.ts
FN:7,ariaHiddenBodyEvaluate
FNF:1
FNH:0
FNDA:0,ariaHiddenBodyEvaluate
DA:12,0
LF:1
LH:0
BRF:0
BRH:0
end_of_record
TN:
SF:lib/checks/aria/aria-level-evaluate.ts
FN:9,ariaLevelEvaluate
FNF:1
FNH:0
FNDA:0,ariaLevelEvaluate
DA:14,0
DA:15,0
DA:16,0
DA:17,0
DA:19,0
LF:5
LH:0
BRDA:16,0,0,0
BRDA:16,0,1,0
BRF:2
BRH:0
end_of_record
TN:
SF:lib/checks/aria/aria-prohibited-attr-evaluate.ts
FN:30,ariaProhibitedAttrEvaluate
FN:50,(anonymous_1)
FN:74,listProhibitedAttrs
FN:95,getClosestAncestorRoleTypeMemoized
FNF:4
FNH:0
FNDA:0,ariaProhibitedAttrEvaluate
FNDA:0,(anonymous_1)
FNDA:0,listProhibitedAttrs
FNDA:0,getClosestAncestorRoleTypeMemoized
DA:36,0
DA:37,0
DA:38,0
DA:44,0
DA:50,0
DA:51,0
DA:52,0
DA:54,0
DA:57,0
DA:58,0
DA:61,0
DA:62,0
DA:63,0
DA:66,0
DA:67,0
DA:69,0
DA:71,0
DA:80,0
DA:81,0
DA:82,0
DA:84,0
DA:89,0
DA:91,0
DA:94,0
DA:96,0
DA:97,0
DA:100,0
DA:101,0
DA:102,0
DA:105,0
LF:30
LH:0
BRDA:33,0,0,0
BRDA:36,1,0,0
BRDA:36,1,1,0
BRDA:51,2,0,0
BRDA:51,2,1,0
BRDA:57,3,0,0
BRDA:57,3,1,0
BRDA:61,4,0,0
BRDA:61,4,1,0
BRDA:62,5,0,0
BRDA:62,5,1,0
BRDA:67,6,0,0
BRDA:67,6,1,0
BRDA:81,7,0,0
BRDA:81,7,1,0
BRDA:82,8,0,0
BRDA:82,8,1,0
BRDA:84,9,0,0
BRDA:84,9,1,0
BRDA:85,10,0,0
BRDA:85,10,1,0
BRDA:85,10,2,0
BRDA:96,11,0,0
BRDA:96,11,1,0
BRDA:101,12,0,0
BRDA:101,12,1,0
BRDA:102,13,0,0
BRDA:102,13,1,0
BRF:28
BRH:0
end_of_record
TN:
SF:lib/checks/aria/aria-required-attr-evaluate.ts
FN:33,ariaRequiredAttrEvaluate
FN:66,(anonymous_1)
FN:77,isStaticSeparator
FN:81,hasImplicitAttr
FN:85,isClosedCombobox
FNF:5
FNH:0
FNDA:0,ariaRequiredAttrEvaluate
FNDA:0,(anonymous_1)
FNDA:0,isStaticSeparator
FNDA:0,hasImplicitAttr
FNDA:0,isClosedCombobox
DA:39,0
DA:40,0
DA:43,0
DA:44,0
DA:45,0
DA:48,0
DA:49,0
DA:52,0
DA:56,0
DA:60,0
DA:61,0
DA:64,0
DA:65,0
DA:67,0
DA:70,0
DA:71,0
DA:72,0
DA:74,0
DA:78,0
DA:82,0
DA:86,0
LF:21
LH:0
BRDA:36,0,0,0
BRDA:43,1,0,0
BRDA:43,1,1,0
BRDA:44,2,0,0
BRDA:44,2,1,0
BRDA:44,3,0,0
BRDA:44,3,1,0
BRDA:48,4,0,0
BRDA:48,4,1,0
BRDA:48,5,0,0
BRDA:48,5,1,0
BRDA:48,5,2,0
BRDA:52,6,0,0
BRDA:52,6,1,0
BRDA:53,7,0,0
BRDA:53,7,1,0
BRDA:60,8,0,0
BRDA:60,8,1,0
BRDA:60,9,0,0
BRDA:60,9,1,0
BRDA:67,10,0,0
BRDA:67,10,1,0
BRDA:70,11,0,0
BRDA:70,11,1,0
BRDA:78,12,0,0
BRDA:78,12,1,0
BRDA:86,13,0,0
BRDA:86,13,1,0
BRF:28
BRH:0
end_of_record
TN:
SF:lib/checks/aria/aria-required-children-evaluate.ts
FN:24,ariaRequiredChildrenEvaluate
FN:40,(anonymous_1)
FN:45,(anonymous_2)
FN:49,(anonymous_3)
FN:51,(anonymous_4)
FN:81,getOwnedRoles
FN:120,hasRequiredChildren
FN:121,(anonymous_7)
FN:129,getGlobalAriaAttr
FN:130,(anonymous_9)
FN:139,getUnallowedSelector
FN:161,isContent
FNF:12
FNH:0
FNDA:0,ariaRequiredChildrenEvaluate
FNDA:0,(anonymous_1)
FNDA:0,(anonymous_2)
FNDA:0,(anonymous_3)
FNDA:0,(anonymous_4)
FNDA:0,getOwnedRoles
FNDA:0,hasRequiredChildren
FNDA:0,(anonymous_7)
FNDA:0,getGlobalAriaAttr
FNDA:0,(anonymous_9)
FNDA:0,getUnallowedSelector
FNDA:0,isContent
DA:31,0
DA:32,0
DA:33,0
DA:34,0
DA:35,0
DA:38,0
DA:39,0
DA:41,0
DA:44,0
DA:45,0
DA:46,0
DA:49,0
DA:52,0
DA:56,0
DA:59,0
DA:60,0
DA:63,0
DA:64,0
DA:65,0
DA:68,0
DA:71,0
DA:72,0
DA:75,0
DA:83,0
DA:84,0
DA:85,0
DA:86,0
DA:87,0
DA:89,0
DA:90,0
DA:93,0
DA:94,0
DA:95,0
DA:101,0
DA:107,0
DA:108,0
DA:109,0
DA:110,0
DA:114,0
DA:121,0
DA:130,0
DA:140,0
DA:141,0
DA:142,0
DA:145,0
DA:146,0
DA:147,0
DA:149,0
DA:150,0
DA:152,0
DA:162,0
DA:163,0
DA:165,0
LF:53
LH:0
BRDA:31,0,0,0
BRDA:31,0,1,0
BRDA:31,1,0,0
BRDA:31,1,1,0
BRDA:33,2,0,0
BRDA:33,2,1,0
BRDA:34,3,0,0
BRDA:34,3,1,0
BRDA:41,4,0,0
BRDA:41,4,1,0
BRDA:44,5,0,0
BRDA:44,5,1,0
BRDA:59,6,0,0
BRDA:59,6,1,0
BRDA:63,7,0,0
BRDA:63,7,1,0
BRDA:71,8,0,0
BRDA:71,8,1,0
BRDA:71,9,0,0
BRDA:71,9,1,0
BRDA:86,10,0,0
BRDA:86,10,1,0
BRDA:89,11,0,0
BRDA:89,11,1,0
BRDA:89,12,0,0
BRDA:89,12,1,0
BRDA:95,13,0,0
BRDA:95,13,1,0
BRDA:101,14,0,0
BRDA:101,14,1,0
BRDA:102,15,0,0
BRDA:102,15,1,0
BRDA:102,15,2,0
BRDA:102,15,3,0
BRDA:102,15,4,0
BRDA:108,16,0,0
BRDA:108,16,1,0
BRDA:108,17,0,0
BRDA:108,17,1,0
BRDA:109,18,0,0
BRDA:109,18,1,0
BRDA:121,19,0,0
BRDA:121,19,1,0
BRDA:141,20,0,0
BRDA:141,20,1,0
BRDA:146,21,0,0
BRDA:146,21,1,0
BRDA:149,22,0,0
BRDA:149,22,1,0
BRDA:162,23,0,0
BRDA:162,23,1,0
BRF:51
BRH:0
end_of_record
TN:
SF:lib/checks/aria/aria-required-parent-evaluate.ts
FN:5,getMissingContext
FN:38,(anonymous_1)
FN:50,getAriaOwners
FN:93,ariaRequiredParentEvaluate
FNF:4
FNH:0
FNDA:0,getMissingContext
FNDA:0,(anonymous_1)
FNDA:0,getAriaOwners
FNDA:0,ariaRequiredParentEvaluate
DA:11,0
DA:13,0
DA:14,0
DA:17,0
DA:18,0
DA:21,0
DA:22,0
DA:24,0
DA:25,0
DA:31,0
DA:32,0
DA:33,0
DA:35,0
DA:36,0
DA:38,0
DA:39,0
DA:40,0
DA:41,0
DA:43,0
DA:47,0
DA:51,0
DA:52,0
DA:54,0
DA:55,0
DA:56,0
DA:57,0
DA:58,0
DA:59,0
DA:60,0
DA:63,0
DA:66,0
DA:100,0
DA:103,0
DA:105,0
DA:106,0
DA:108,0
DA:109,0
DA:110,0
DA:111,0
DA:117,0
DA:118,0
DA:123,0
DA:124,0
LF:43
LH:0
BRDA:11,0,0,0
BRDA:11,0,1,0
BRDA:13,1,0,0
BRDA:13,1,1,0
BRDA:17,2,0,0
BRDA:17,2,1,0
BRDA:22,3,0,0
BRDA:22,3,1,0
BRDA:31,4,0,0
BRDA:31,4,1,0
BRDA:33,5,0,0
BRDA:33,5,1,0
BRDA:33,6,0,0
BRDA:33,6,1,0
BRDA:35,7,0,0
BRDA:35,7,1,0
BRDA:40,8,0,0
BRDA:40,8,1,0
BRDA:55,9,0,0
BRDA:55,9,1,0
BRDA:59,10,0,0
BRDA:59,10,1,0
BRDA:66,11,0,0
BRDA:66,11,1,0
BRDA:100,12,0,0
BRDA:100,12,1,0
BRDA:100,13,0,0
BRDA:100,13,1,0
BRDA:105,14,0,0
BRDA:105,14,1,0
BRDA:109,15,0,0
BRDA:109,15,1,0
BRDA:117,16,0,0
BRDA:117,16,1,0
BRF:34
BRH:0
end_of_record
TN:
SF:lib/checks/aria/aria-roledescription-evaluate.ts
FN:10,ariaRoledescriptionEvaluate
FNF:1
FNH:0
FNDA:0,ariaRoledescriptionEvaluate
DA:15,0
DA:16,0
DA:18,0
DA:19,0
DA:22,0
DA:23,0
DA:26,0
LF:7
LH:0
BRDA:12,0,0,0
BRDA:16,1,0,0
BRDA:16,1,1,0
BRDA:18,2,0,0
BRDA:18,2,1,0
BRDA:22,3,0,0
BRDA:22,3,1,0
BRDA:22,4,0,0
BRDA:22,4,1,0
BRDA:22,4,2,0
BRF:10
BRH:0
end_of_record
TN:
SF:lib/checks/aria/aria-unsupported-attr-evaluate.ts
FN:29,ariaUnsupportedAttrEvaluate
FN:35,(anonymous_1)
FNF:2
FNH:0
FNDA:0,ariaUnsupportedAttrEvaluate
FNDA:0,(anonymous_1)
DA:35,0
DA:36,0
DA:38,0
DA:39,0
DA:42,0
DA:43,0
DA:45,0
DA:50,0
DA:51,0
DA:54,0
DA:57,0
DA:58,0
DA:59,0
DA:61,0
LF:14
LH:0
BRDA:38,0,0,0
BRDA:38,0,1,0
BRDA:42,1,0,0
BRDA:42,1,1,0
BRDA:50,2,0,0
BRDA:50,2,1,0
BRDA:57,3,0,0
BRDA:57,3,1,0
BRF:8
BRH:0
end_of_record
TN:
SF:lib/checks/aria/aria-valid-attr-evaluate.ts
FN:27,ariaValidAttrEvaluate
FN:38,(anonymous_1)
FNF:2
FNH:0
FNDA:0,ariaValidAttrEvaluate
FNDA:0,(anonymous_1)
DA:33,0
DA:35,0
DA:36,0
DA:38,0
DA:39,0
DA:44,0
DA:48,0
DA:49,0
DA:50,0
DA:53,0
LF:10
LH:0
BRDA:33,0,0,0
BRDA:33,0,1,0
BRDA:39,1,0,0
BRDA:39,1,1,0
BRDA:40,2,0,0
BRDA:40,2,1,0
BRDA:40,2,2,0
BRDA:48,3,0,0
BRDA:48,3,1,0
BRF:9
BRH:0
end_of_record
TN:
SF:lib/checks/aria/aria-valid-attr-value-evaluate.ts
FN:14,ariaValidAttrValueEvaluate
FN:35,(anonymous_1)
FN:52,(anonymous_2)
FN:62,(anonymous_3)
FN:67,(anonymous_4)
FN:81,(anonymous_5)
FN:93,(anonymous_6)
FN:139,isStringType
FNF:8
FNH:0
FNDA:0,ariaValidAttrValueEvaluate
FNDA:0,(anonymous_1)
FNDA:0,(anonymous_2)
FNDA:0,(anonymous_3)
FNDA:0,(anonymous_4)
FNDA:0,(anonymous_5)
FNDA:0,(anonymous_6)
FNDA:0,isStringType
DA:20,0
DA:22,0
DA:23,0
DA:24,0
DA:25,0
DA:26,0
DA:31,0
DA:37,0
DA:39,0
DA:40,0
DA:41,0
DA:44,0
DA:53,0
DA:54,0
DA:55,0
DA:58,0
DA:63,0
DA:68,0
DA:69,0
DA:73,0
DA:77,0
DA:82,0
DA:83,0
DA:87,0
DA:93,0
DA:94,0
DA:99,0
DA:103,0
DA:105,0
DA:106,0
DA:108,0
DA:109,0
DA:110,0
DA:113,0
DA:117,0
DA:118,0
DA:119,0
DA:121,0
DA:126,0
DA:127,0
DA:128,0
DA:131,0
DA:132,0
DA:133,0
DA:136,0
DA:140,0
LF:46
LH:0
BRDA:20,0,0,0
BRDA:20,0,1,0
BRDA:39,1,0,0
BRDA:39,1,1,0
BRDA:45,2,0,0
BRDA:45,2,1,0
BRDA:45,2,2,0
BRDA:53,3,0,0
BRDA:53,3,1,0
BRDA:68,4,0,0
BRDA:68,4,1,0
BRDA:74,5,0,0
BRDA:74,5,1,0
BRDA:74,6,0,0
BRDA:74,6,1,0
BRDA:82,7,0,0
BRDA:82,7,1,0
BRDA:88,8,0,0
BRDA:88,8,1,0
BRDA:88,9,0,0
BRDA:88,9,1,0
BRDA:94,10,0,0
BRDA:94,10,1,0
BRDA:95,11,0,0
BRDA:95,11,1,0
BRDA:95,11,2,0
BRDA:113,12,0,0
BRDA:113,12,1,0
BRDA:113,13,0,0
BRDA:113,13,1,0
BRDA:114,14,0,0
BRDA:114,14,1,0
BRDA:117,15,0,0
BRDA:117,15,1,0
BRDA:117,16,0,0
BRDA:117,16,1,0
BRDA:126,17,0,0
BRDA:126,17,1,0
BRDA:131,18,0,0
BRDA:131,18,1,0
BRF:40
BRH:0
end_of_record
TN:
SF:lib/checks/aria/braille-label-equivalent-evaluate.ts
FN:8,brailleLabelEquivalentEvaluate
FNF:1
FNH:0
FNDA:0,brailleLabelEquivalentEvaluate
DA:13,0
DA:14,0
DA:15,0
DA:17,0
DA:18,0
DA:20,0
LF:6
LH:0
BRDA:13,0,0,0
BRDA:13,0,1,0
BRDA:14,1,0,0
BRDA:14,1,1,0
BRF:4
BRH:0
end_of_record
TN:
SF:lib/checks/aria/braille-roledescription-equivalent-evaluate.ts
FN:9,brailleRoleDescriptionEquivalentEvaluate
FNF:1
FNH:0
FNDA:0,brailleRoleDescriptionEquivalentEvaluate
DA:15,0
DA:16,0
DA:17,0
DA:19,0
DA:20,0
DA:21,0
DA:22,0
DA:25,0
DA:26,0
DA:27,0
DA:29,0
LF:11
LH:0
BRDA:15,0,0,0
BRDA:15,0,1,0
BRDA:16,1,0,0
BRDA:16,1,1,0
BRDA:20,2,0,0
BRDA:20,2,1,0
BRDA:25,3,0,0
BRDA:25,3,1,0
BRF:8
BRH:0
end_of_record
TN:
SF:lib/checks/aria/deprecatedrole-evaluate.ts
FN:12,deprecatedroleEvaluate
FNF:1
FNH:0
FNDA:0,deprecatedroleEvaluate
DA:18,0
DA:19,0
DA:20,0
DA:21,0
DA:24,0
DA:25,0
LF:6
LH:0
BRDA:19,0,0,0
BRDA:19,0,1,0
BRDA:20,1,0,0
BRDA:20,1,1,0
BRF:4
BRH:0
end_of_record
TN:
SF:lib/checks/aria/fallbackrole-evaluate.ts
FN:9,nonePresentationOnElementWithNoImplicitRole
FN:27,fallbackroleEvaluate
FNF:2
FNH:0
FNDA:0,nonePresentationOnElementWithNoImplicitRole
FNDA:0,fallbackroleEvaluate
DA:13,0
DA:14,0
DA:32,0
DA:33,0
DA:34,0
DA:36,0
LF:6
LH:0
BRDA:15,0,0,0
BRDA:15,0,1,0
BRDA:15,0,2,0
BRDA:15,0,3,0
BRDA:33,1,0,0
BRDA:33,1,1,0
BRDA:36,2,0,0
BRDA:36,2,1,0
BRF:8
BRH:0
end_of_record
TN:
SF:lib/checks/aria/has-global-aria-attribute-evaluate.ts
FN:3,hasGlobalAriaAttributeEvaluate
FN:9,(anonymous_1)
FNF:2
FNH:0
FNDA:0,hasGlobalAriaAttributeEvaluate
FNDA:0,(anonymous_1)
DA:9,0
DA:10,0
DA:12,0
DA:13,0
LF:4
LH:0
BRF:0
BRH:0
end_of_record
TN:
SF:lib/checks/aria/has-widget-role-evaluate.ts
FN:11,hasWidgetRoleEvaluate
FNF:1
FNH:0
FNDA:0,hasWidgetRoleEvaluate
DA:16,0
DA:17,0
DA:18,0
DA:20,0
DA:21,0
LF:5
LH:0
BRDA:17,0,0,0
BRDA:17,0,1,0
BRDA:21,1,0,0
BRDA:21,1,1,0
BRF:4
BRH:0
end_of_record
TN:
SF:lib/checks/aria/invalidrole-evaluate.ts
FN:12,invalidroleEvaluate
FN:20,(anonymous_1)
FNF:2
FNH:0
FNDA:0,invalidroleEvaluate
FNDA:0,(anonymous_1)
DA:18,0
DA:19,0
DA:20,0
DA:26,0
DA:27,0
DA:28,0
DA:31,0
LF:7
LH:0
BRDA:26,0,0,0
BRDA:26,0,1,0
BRF:2
BRH:0
end_of_record
TN:
SF:lib/checks/aria/is-element-focusable-evaluate.ts
FN:3,isElementFocusableEvaluate
FNF:1
FNH:0
FNDA:0,isElementFocusableEvaluate
DA:8,0
LF:1
LH:0
BRF:0
BRH:0
end_of_record
TN:
SF:lib/checks/aria/no-implicit-explicit-label-evaluate.ts
FN:10,noImplicitExplicitLabelEvaluate
FNF:1
FNH:0
FNDA:0,noImplicitExplicitLabelEvaluate
DA:16,0
DA:17,0
DA:21,0
DA:22,0
DA:23,0
DA:25,0
DA:28,0
DA:29,0
DA:32,0
DA:33,0
DA:36,0
DA:37,0
DA:40,0
LF:13
LH:0
BRDA:28,0,0,0
BRDA:28,0,1,0
BRDA:28,1,0,0
BRDA:28,1,1,0
BRDA:32,2,0,0
BRDA:32,2,1,0
BRDA:32,3,0,0
BRDA:32,3,1,0
BRDA:36,4,0,0
BRDA:36,4,1,0
BRF:10
BRH:0
end_of_record
TN:
SF:lib/checks/aria/unsupportedrole-evaluate.ts
FN:11,unsupportedroleEvaluate
FNF:1
FNH:0
FNDA:0,unsupportedroleEvaluate
DA:17,0
DA:18,0
DA:19,0
DA:20,0
DA:22,0
LF:5
LH:0
BRDA:18,0,0,0
BRDA:18,0,1,0
BRDA:19,1,0,0
BRDA:19,1,1,0
BRF:4
BRH:0
end_of_record
TN:
SF:lib/checks/aria/valid-scrollable-semantics-evaluate.ts
FN:42,validScrollableTagName
FN:54,validScrollableRole
FN:73,validScrollableSemanticsEvaluate
FNF:3
FNH:0
FNDA:0,validScrollableTagName
FNDA:0,validScrollableRole
FNDA:0,validScrollableSemanticsEvaluate
DA:7,0
DA:18,0
DA:45,0
DA:46,0
DA:55,0
DA:56,0
DA:57,0
DA:59,0
DA:77,0
LF:9
LH:0
BRDA:46,0,0,0
BRDA:46,0,1,0
BRDA:56,1,0,0
BRDA:56,1,1,0
BRDA:60,2,0,0
BRDA:60,2,1,0
BRDA:60,2,2,0
BRDA:77,3,0,0
BRDA:77,3,1,0
BRF:9
BRH:0
end_of_record
TN:
SF:lib/checks/color/color-contrast-evaluate.ts
FN:19,colorContrastEvaluate
FN:196,findPseudoElement
FN:220,getPseudoElementArea2
FN:225,(anonymous_3)
FN:253,textIsEmojis
FN:261,parseUnit
FNF:6
FNH:0
FNDA:0,colorContrastEvaluate
FNDA:0,findPseudoElement
FNDA:0,getPseudoElementArea2
FNDA:0,(anonymous_3)
FNDA:0,textIsEmojis
FNDA:0,parseUnit
DA:35,0
DA:37,0
DA:38,0
DA:39,0
DA:42,0
DA:43,0
DA:44,0
DA:45,0
DA:48,0
DA:49,0
DA:50,0
DA:51,0
DA:53,0
DA:55,0
DA:57,0
DA:63,0
DA:67,0
DA:68,0
DA:75,0
DA:76,0
DA:80,0
DA:84,0
DA:85,0
DA:86,0
DA:89,0
DA:90,0
DA:91,0
DA:93,0
DA:94,0
DA:95,0
DA:96,0
DA:97,0
DA:98,0
DA:99,0
DA:101,0
DA:102,0
DA:103,0
DA:104,0
DA:109,0
DA:110,0
DA:117,0
DA:120,0
DA:126,0
DA:127,0
DA:132,0
DA:138,0
DA:139,0
DA:140,0
DA:141,0
DA:143,0
DA:145,0
DA:146,0
DA:149,0
DA:150,0
DA:151,0
DA:154,0
DA:155,0
DA:156,0
DA:157,0
DA:158,0
DA:160,0
DA:164,0
DA:177,0
DA:183,0
DA:184,0
DA:185,0
DA:186,0
DA:189,0
DA:190,0
DA:193,0
DA:200,0
DA:201,0
DA:203,0
DA:204,0
DA:205,0
DA:206,0
DA:210,0
DA:214,0
DA:215,0
DA:220,0
DA:223,0
DA:224,0
DA:225,0
DA:226,0
DA:227,0
DA:233,0
DA:236,0
DA:240,0
DA:244,0
DA:245,0
DA:246,0
DA:248,0
DA:250,0
DA:254,0
DA:255,0
DA:256,0
DA:258,0
DA:262,0
DA:263,0
DA:264,0
LF:100
LH:0
BRDA:37,0,0,0
BRDA:37,0,1,0
BRDA:43,1,0,0
BRDA:43,1,1,0
BRDA:43,2,0,0
BRDA:43,2,1,0
BRDA:51,3,0,0
BRDA:51,3,1,0
BRDA:55,4,0,0
BRDA:55,4,1,0
BRDA:55,4,2,0
BRDA:55,4,3,0
BRDA:57,5,0,0
BRDA:57,5,1,0
BRDA:67,6,0,0
BRDA:67,6,1,0
BRDA:70,7,0,0
BRDA:70,7,1,0
BRDA:84,8,0,0
BRDA:84,8,1,0
BRDA:96,9,0,0
BRDA:96,9,1,0
BRDA:98,10,0,0
BRDA:98,10,1,0
BRDA:98,11,0,0
BRDA:98,11,1,0
BRDA:105,12,0,0
BRDA:105,12,1,0
BRDA:106,13,0,0
BRDA:106,13,1,0
BRDA:107,14,0,0
BRDA:107,14,1,0
BRDA:109,15,0,0
BRDA:109,15,1,0
BRDA:110,16,0,0
BRDA:110,16,1,0
BRDA:111,17,0,0
BRDA:111,17,1,0
BRDA:111,18,0,0
BRDA:111,18,1,0
BRDA:120,19,0,0
BRDA:120,19,1,0
BRDA:121,20,0,0
BRDA:121,20,1,0
BRDA:121,20,2,0
BRDA:121,20,3,0
BRDA:121,20,4,0
BRDA:121,20,5,0
BRDA:138,21,0,0
BRDA:138,21,1,0
BRDA:139,22,0,0
BRDA:139,22,1,0
BRDA:145,23,0,0
BRDA:145,23,1,0
BRDA:149,24,0,0
BRDA:149,24,1,0
BRDA:149,25,0,0
BRDA:149,25,1,0
BRDA:156,26,0,0
BRDA:156,26,1,0
BRDA:158,27,0,0
BRDA:158,27,1,0
BRDA:158,28,0,0
BRDA:158,28,1,0
BRDA:158,28,2,0
BRDA:165,29,0,0
BRDA:165,29,1,0
BRDA:166,30,0,0
BRDA:166,30,1,0
BRDA:169,31,0,0
BRDA:169,31,1,0
BRDA:172,32,0,0
BRDA:172,32,1,0
BRDA:177,33,0,0
BRDA:177,33,1,0
BRDA:178,34,0,0
BRDA:178,34,1,0
BRDA:178,34,2,0
BRDA:178,34,3,0
BRDA:178,34,4,0
BRDA:178,34,5,0
BRDA:189,35,0,0
BRDA:189,35,1,0
BRDA:198,36,0,0
BRDA:198,37,0,0
BRDA:200,38,0,0
BRDA:200,38,1,0
BRDA:214,39,0,0
BRDA:214,39,1,0
BRDA:227,40,0,0
BRDA:227,40,1,0
BRDA:228,41,0,0
BRDA:228,41,1,0
BRDA:228,41,2,0
BRDA:228,41,3,0
BRDA:236,42,0,0
BRDA:236,42,1,0
BRDA:236,43,0,0
BRDA:236,43,1,0
BRDA:246,44,0,0
BRDA:246,44,1,0
BRDA:246,45,0,0
BRDA:246,45,1,0
BRDA:248,46,0,0
BRDA:248,46,1,0
BRDA:248,47,0,0
BRDA:248,47,1,0
BRDA:258,48,0,0
BRDA:258,48,1,0
BRDA:263,49,0,0
BRDA:263,50,0,0
BRDA:263,51,0,0
BRDA:263,51,1,0
BRF:113
BRH:0
end_of_record
TN:
SF:lib/checks/color/link-in-text-block-evaluate.ts
FN:8,getContrast
FN:22,isBlock
FN:27,linkInTextBlockEvaluate
FNF:3
FNH:0
FNDA:0,getContrast
FNDA:0,isBlock
FNDA:0,linkInTextBlockEvaluate
DA:9,0
DA:10,0
DA:11,0
DA:14,0
DA:23,0
DA:24,0
DA:32,0
DA:34,0
DA:35,0
DA:38,0
DA:39,0
DA:44,0
DA:47,0
DA:48,0
DA:51,0
DA:54,0
DA:55,0
DA:56,0
DA:57,0
DA:61,0
DA:62,0
DA:63,0
DA:66,0
DA:67,0
DA:71,0
DA:75,0
DA:76,0
DA:79,0
DA:80,0
DA:84,0
DA:85,0
DA:86,0
DA:89,0
DA:90,0
DA:93,0
DA:94,0
DA:97,0
DA:98,0
DA:102,0
DA:103,0
DA:114,0
DA:117,0
DA:124,0
LF:43
LH:0
BRDA:24,0,0,0
BRDA:24,0,1,0
BRDA:34,1,0,0
BRDA:34,1,1,0
BRDA:40,2,0,0
BRDA:40,2,1,0
BRDA:40,2,2,0
BRDA:47,3,0,0
BRDA:47,3,1,0
BRDA:61,4,0,0
BRDA:61,4,1,0
BRDA:61,5,0,0
BRDA:61,5,1,0
BRDA:62,6,0,0
BRDA:62,6,1,0
BRDA:66,7,0,0
BRDA:66,7,1,0
BRDA:66,8,0,0
BRDA:66,8,1,0
BRDA:71,9,0,0
BRDA:71,9,1,0
BRDA:71,10,0,0
BRDA:71,10,1,0
BRDA:75,11,0,0
BRDA:75,11,1,0
BRDA:79,12,0,0
BRDA:79,12,1,0
BRDA:79,13,0,0
BRDA:79,13,1,0
BRDA:84,14,0,0
BRDA:84,14,1,0
BRDA:85,15,0,0
BRDA:85,15,1,0
BRDA:93,16,0,0
BRDA:93,16,1,0
BRDA:97,17,0,0
BRDA:97,17,1,0
BRDA:97,18,0,0
BRDA:97,18,1,0
BRDA:97,18,2,0
BRDA:102,19,0,0
BRDA:102,19,1,0
BRDA:102,20,0,0
BRDA:102,20,1,0
BRDA:107,21,0,0
BRDA:107,21,1,0
BRDA:110,22,0,0
BRDA:110,22,1,0
BRDA:121,23,0,0
BRDA:121,23,1,0
BRDA:122,24,0,0
BRDA:122,24,1,0
BRF:52
BRH:0
end_of_record
TN:
SF:lib/checks/color/link-in-text-block-style-evaluate.ts
FN:13,linkInTextBlockStyleEvaluate
FN:46,isBlock
FN:51,hasPseudoContent
FNF:3
FNH:0
FNDA:0,linkInTextBlockStyleEvaluate
FNDA:0,isBlock
FNDA:0,hasPseudoContent
DA:4,0
DA:17,0
DA:18,0
DA:21,0
DA:22,0
DA:27,0
DA:30,0
DA:31,0
DA:34,0
DA:36,0
DA:37,0
DA:39,0
DA:40,0
DA:41,0
DA:43,0
DA:47,0
DA:48,0
DA:52,0
DA:53,0
DA:54,0
DA:55,0
DA:56,0
DA:59,0
LF:23
LH:0
BRDA:17,0,0,0
BRDA:17,0,1,0
BRDA:23,1,0,0
BRDA:23,1,1,0
BRDA:23,1,2,0
BRDA:30,2,0,0
BRDA:30,2,1,0
BRDA:36,3,0,0
BRDA:36,3,1,0
BRDA:39,4,0,0
BRDA:39,4,1,0
BRDA:48,5,0,0
BRDA:48,5,1,0
BRDA:55,6,0,0
BRDA:55,6,1,0
BRF:15
BRH:0
end_of_record
TN:
SF:lib/checks/forms/autocomplete-appropriate-evaluate.ts
FN:4,autocompleteAppropriateEvaluate
FN:47,(anonymous_1)
FN:58,(anonymous_2)
FNF:3
FNH:0
FNDA:0,autocompleteAppropriateEvaluate
FNDA:0,(anonymous_1)
FNDA:0,(anonymous_2)
DA:10,0
DA:11,0
DA:14,0
DA:15,0
DA:16,0
DA:45,0
DA:47,0
DA:48,0
DA:49,0
DA:51,0
DA:55,0
DA:56,0
DA:58,0
DA:60,0
DA:61,0
DA:62,0
DA:65,0
DA:76,0
DA:79,0
DA:81,0
DA:82,0
DA:85,0
LF:22
LH:0
BRDA:10,0,0,0
BRDA:10,0,1,0
BRDA:45,1,0,0
BRDA:45,1,1,0
BRDA:48,2,0,0
BRDA:48,2,1,0
BRDA:61,3,0,0
BRDA:61,3,1,0
BRDA:76,4,0,0
BRDA:76,4,1,0
BRDA:79,5,0,0
BRDA:79,5,1,0
BRDA:81,6,0,0
BRDA:81,6,1,0
BRF:14
BRH:0
end_of_record
TN:
SF:lib/checks/forms/autocomplete-valid-evaluate.ts
FN:3,autocompleteValidEvaluate
FNF:1
FNH:0
FNDA:0,autocompleteValidEvaluate
DA:8,0
DA:9,0
LF:2
LH:0
BRDA:8,0,0,0
BRDA:8,0,1,0
BRDA:9,1,0,0
BRDA:9,1,1,0
BRF:4
BRH:0
end_of_record
TN:
SF:lib/checks/generic/attr-non-space-content-evaluate.ts
FN:3,attrNonSpaceContentEvaluate
FNF:1
FNH:0
FNDA:0,attrNonSpaceContentEvaluate
DA:9,0
DA:10,0
DA:15,0
DA:16,0
DA:19,0
DA:22,0
DA:23,0
DA:24,0
DA:25,0
DA:28,0
DA:30,0
LF:11
LH:0
BRDA:6,0,0,0
BRDA:9,1,0,0
BRDA:9,1,1,0
BRDA:9,2,0,0
BRDA:9,2,1,0
BRDA:15,3,0,0
BRDA:15,3,1,0
BRDA:24,4,0,0
BRDA:24,4,1,0
BRF:9
BRH:0
end_of_record
TN:
SF:lib/checks/generic/has-descendant-after.ts
FN:1,pageHasElmAfter
FN:3,(anonymous_1)
FN:8,(anonymous_2)
FNF:3
FNH:0
FNDA:0,pageHasElmAfter
FNDA:0,(anonymous_1)
FNDA:0,(anonymous_2)
DA:2,0
DA:3,0
DA:7,0
DA:8,0
DA:9,0
DA:12,0
LF:6
LH:0
BRDA:7,0,0,0
BRDA:7,0,1,0
BRF:2
BRH:0
end_of_record
TN:
SF:lib/checks/generic/has-descendant-evaluate.ts
FN:4,hasDescendant
FN:23,(anonymous_1)
FN:25,(anonymous_2)
FNF:3
FNH:0
FNDA:0,hasDescendant
FNDA:0,(anonymous_1)
FNDA:0,(anonymous_2)
DA:10,0
DA:11,0
DA:16,0
DA:17,0
DA:20,0
DA:23,0
DA:25,0
DA:26,0
LF:8
LH:0
BRDA:10,0,0,0
BRDA:10,0,1,0
BRDA:10,1,0,0
BRDA:10,1,1,0
BRDA:10,1,2,0
BRDA:16,2,0,0
BRDA:16,2,1,0
BRDA:16,3,0,0
BRDA:16,3,1,0
BRF:9
BRH:0
end_of_record
TN:
SF:lib/checks/generic/has-text-content-evaluate.ts
FN:3,hasTextContentEvaluate
FNF:1
FNH:0
FNDA:0,hasTextContentEvaluate
DA:8,0
DA:9,0
DA:11,0
LF:3
LH:0
BRF:0
BRH:0
end_of_record
TN:
SF:lib/checks/generic/matches-definition-evaluate.ts
FN:3,matchesDefinitionEvaluate
FNF:1
FNH:0
FNDA:0,matchesDefinitionEvaluate
DA:8,0
LF:1
LH:0
BRF:0
BRH:0
end_of_record
TN:
SF:lib/checks/generic/page-no-duplicate-after.ts
FN:1,pageNoDuplicateAfter
FN:3,(anonymous_1)
FNF:2
FNH:0
FNDA:0,pageNoDuplicateAfter
FNDA:0,(anonymous_1)
DA:3,0
LF:1
LH:0
BRF:0
BRH:0
end_of_record
TN:
SF:lib/checks/generic/page-no-duplicate-evaluate.ts
FN:8,pageNoDuplicateEvaluate
FN:31,(anonymous_1)
FN:38,(anonymous_2)
FN:47,(anonymous_3)
FN:52,(anonymous_4)
FN:53,(anonymous_5)
FNF:6
FNH:0
FNDA:0,pageNoDuplicateEvaluate
FNDA:0,(anonymous_1)
FNDA:0,(anonymous_2)
FNDA:0,(anonymous_3)
FNDA:0,(anonymous_4)
FNDA:0,(anonymous_5)
DA:14,0
DA:15,0
DA:21,0
DA:22,0
DA:23,0
DA:24,0
DA:26,0
DA:28,0
DA:31,0
DA:37,0
DA:38,0
DA:39,0
DA:46,0
DA:47,0
DA:50,0
DA:52,0
DA:53,0
DA:56,0
LF:18
LH:0
BRDA:14,0,0,0
BRDA:14,0,1,0
BRDA:14,1,0,0
BRDA:14,1,1,0
BRDA:14,1,2,0
BRDA:22,2,0,0
BRDA:22,2,1,0
BRDA:37,3,0,0
BRDA:37,3,1,0
BRDA:40,4,0,0
BRDA:40,4,1,0
BRDA:46,5,0,0
BRDA:46,5,1,0
BRF:13
BRH:0
end_of_record
TN:
SF:lib/checks/keyboard/accesskeys-after.ts
FN:1,accesskeysAfter
FN:4,(anonymous_1)
FN:17,(anonymous_2)
FNF:3
FNH:0
FNDA:0,accesskeysAfter
FNDA:0,(anonymous_1)
FNDA:0,(anonymous_2)
DA:2,0
DA:3,0
DA:5,0
DA:6,0
DA:8,0
DA:9,0
DA:10,0
DA:11,0
DA:12,0
DA:14,0
DA:15,0
DA:18,0
DA:19,0
LF:13
LH:0
BRDA:5,0,0,0
BRDA:5,0,1,0
BRDA:9,1,0,0
BRDA:9,1,1,0
BRF:4
BRH:0
end_of_record
TN:
SF:lib/checks/keyboard/accesskeys-evaluate.ts
FN:3,accesskeysEvaluate
FNF:1
FNH:0
FNDA:0,accesskeysEvaluate
DA:9,0
DA:10,0
DA:11,0
DA:13,0
LF:4
LH:0
BRDA:9,0,0,0
BRDA:9,0,1,0
BRF:2
BRH:0
end_of_record
TN:
SF:lib/checks/keyboard/focusable-content-evaluate.ts
FN:1,focusableContentEvaluate
FN:18,(anonymous_1)
FNF:2
FNH:0
FNDA:0,focusableContentEvaluate
FNDA:0,(anonymous_1)
DA:10,0
DA:12,0
DA:13,0
DA:17,0
DA:18,0
DA:21,0
LF:6
LH:0
BRDA:12,0,0,0
BRDA:12,0,1,0
BRF:2
BRH:0
end_of_record
TN:
SF:lib/checks/keyboard/focusable-disabled-evaluate.ts
FN:3,focusableDisabledEvaluate
FN:23,(anonymous_1)
FN:27,(anonymous_2)
FN:33,(anonymous_3)
FNF:4
FNH:0
FNDA:0,focusableDisabledEvaluate
FNDA:0,(anonymous_1)
FNDA:0,(anonymous_2)
FNDA:0,(anonymous_3)
DA:9,0
DA:17,0
DA:19,0
DA:20,0
DA:23,0
DA:24,0
DA:27,0
DA:29,0
DA:30,0
DA:33,0
DA:34,0
DA:35,0
DA:36,0
DA:38,0
LF:14
LH:0
BRDA:19,0,0,0
BRDA:19,0,1,0
BRDA:19,1,0,0
BRDA:19,1,1,0
BRDA:29,2,0,0
BRDA:29,2,1,0
BRDA:29,3,0,0
BRDA:29,3,1,0
BRDA:33,4,0,0
BRDA:33,4,1,0
BRDA:39,5,0,0
BRDA:39,5,1,0
BRDA:39,5,2,0
BRDA:39,5,3,0
BRF:14
BRH:0
end_of_record
TN:
SF:lib/checks/keyboard/focusable-element-evaluate.ts
FN:4,focusableElementEvaluate
FN:29,isContenteditable
FNF:2
FNH:0
FNDA:0,focusableElementEvaluate
FNDA:0,isContenteditable
DA:15,0
DA:19,0
DA:22,0
DA:30,0
DA:31,0
DA:32,0
DA:35,0
DA:36,0
DA:39,0
DA:40,0
DA:41,0
DA:44,0
LF:12
LH:0
BRDA:15,0,0,0
BRDA:15,0,1,0
BRDA:16,1,0,0
BRDA:16,1,1,0
BRDA:31,2,0,0
BRDA:31,2,1,0
BRDA:31,3,0,0
BRDA:31,3,1,0
BRDA:35,4,0,0
BRDA:35,4,1,0
BRDA:40,5,0,0
BRDA:40,5,1,0
BRF:12
BRH:0
end_of_record
TN:
SF:lib/checks/keyboard/focusable-modal-open-evaluate.ts
FN:3,focusableModalOpenEvaluate
FN:10,(anonymous_1)
FNF:2
FNH:0
FNDA:0,focusableModalOpenEvaluate
FNDA:0,(anonymous_1)
DA:9,0
DA:10,0
DA:13,0
DA:14,0
DA:17,0
DA:18,0
DA:19,0
DA:22,0
LF:8
LH:0
BRDA:13,0,0,0
BRDA:13,0,1,0
BRDA:13,1,0,0
BRDA:13,1,1,0
BRDA:17,2,0,0
BRDA:17,2,1,0
BRF:6
BRH:0
end_of_record
TN:
SF:lib/checks/keyboard/focusable-no-name-evaluate.ts
FN:4,focusableNoNameEvaluate
FNF:1
FNH:0
FNDA:0,focusableNoNameEvaluate
DA:9,0
DA:10,0
DA:13,0
DA:14,0
DA:16,0
LF:5
LH:0
BRDA:9,0,0,0
BRDA:9,0,1,0
BRF:2
BRH:0
end_of_record
TN:
SF:lib/checks/keyboard/focusable-not-tabbable-evaluate.ts
FN:3,focusableNotTabbableEvaluate
FN:23,(anonymous_1)
FN:27,(anonymous_2)
FN:33,(anonymous_3)
FNF:4
FNH:0
FNDA:0,focusableNotTabbableEvaluate
FNDA:0,(anonymous_1)
FNDA:0,(anonymous_2)
FNDA:0,(anonymous_3)
DA:9,0
DA:17,0
DA:19,0
DA:20,0
DA:23,0
DA:24,0
DA:27,0
DA:29,0
DA:30,0
DA:33,0
DA:34,0
DA:35,0
DA:36,0
DA:38,0
LF:14
LH:0
BRDA:19,0,0,0
BRDA:19,0,1,0
BRDA:19,1,0,0
BRDA:19,1,1,0
BRDA:29,2,0,0
BRDA:29,2,1,0
BRDA:29,3,0,0
BRDA:29,3,1,0
BRDA:33,4,0,0
BRDA:33,4,1,0
BRDA:39,5,0,0
BRDA:39,5,1,0
BRDA:39,5,2,0
BRDA:39,5,3,0
BRF:14
BRH:0
end_of_record
TN:
SF:lib/checks/keyboard/frame-focusable-content-evaluate.ts
FN:3,frameFocusableContentEvaluate
FN:13,(anonymous_1)
FN:21,focusableDescendants
FN:34,(anonymous_3)
FNF:4
FNH:0
FNDA:0,frameFocusableContentEvaluate
FNDA:0,(anonymous_1)
FNDA:0,focusableDescendants
FNDA:0,(anonymous_3)
DA:8,0
DA:9,0
DA:12,0
DA:13,0
DA:14,0
DA:17,0
DA:22,0
DA:23,0
DA:26,0
DA:27,0
DA:28,0
DA:31,0
DA:34,0
DA:35,0
LF:14
LH:0
BRDA:8,0,0,0
BRDA:8,0,1,0
BRDA:22,1,0,0
BRDA:22,1,1,0
BRDA:26,2,0,0
BRDA:26,2,1,0
BRDA:27,3,0,0
BRDA:27,3,1,0
BRF:8
BRH:0
end_of_record
TN:
SF:lib/checks/keyboard/landmark-is-top-level-evaluate.ts
FN:5,landmarkIsTopLevelEvaluate
FNF:1
FNH:0
FNDA:0,landmarkIsTopLevelEvaluate
DA:6,0
DA:7,0
DA:8,0
DA:10,0
DA:12,0
DA:13,0
DA:14,0
DA:15,0
DA:19,0
DA:24,0
DA:26,0
DA:28,0
LF:12
LH:0
BRDA:14,0,0,0
BRDA:14,0,1,0
BRDA:14,1,0,0
BRDA:14,1,1,0
BRDA:19,2,0,0
BRDA:19,2,1,0
BRDA:20,3,0,0
BRDA:20,3,1,0
BRDA:20,3,2,0
BRDA:22,4,0,0
BRDA:22,4,1,0
BRF:11
BRH:0
end_of_record
TN:
SF:lib/checks/keyboard/no-focusable-content-evaluate.ts
FN:5,noFocusableContentEvaluate
FN:39,getFocusableDescendants
FN:49,(anonymous_2)
FN:59,usesUnreliableHidingStrategy
FNF:4
FNH:0
FNDA:0,noFocusableContentEvaluate
FNDA:0,getFocusableDescendants
FNDA:0,(anonymous_2)
FNDA:0,usesUnreliableHidingStrategy
DA:11,0
DA:12,0
DA:15,0
DA:16,0
DA:18,0
DA:19,0
DA:22,0
DA:26,0
DA:27,0
DA:28,0
DA:30,0
DA:33,0
DA:35,0
DA:40,0
DA:41,0
DA:42,0
DA:45,0
DA:48,0
DA:49,0
DA:50,0
DA:51,0
DA:53,0
DA:56,0
DA:60,0
DA:61,0
LF:25
LH:0
BRDA:11,0,0,0
BRDA:11,0,1,0
BRDA:18,1,0,0
BRDA:18,1,1,0
BRDA:26,2,0,0
BRDA:26,2,1,0
BRDA:40,3,0,0
BRDA:40,3,1,0
BRDA:41,4,0,0
BRDA:41,4,1,0
BRDA:50,5,0,0
BRDA:50,5,1,0
BRDA:50,6,0,0
BRDA:50,6,1,0
BRDA:61,7,0,0
BRDA:61,7,1,0
BRF:16
BRH:0
end_of_record
TN:
SF:lib/checks/keyboard/tabindex-evaluate.ts
FN:3,tabindexEvaluate
FNF:1
FNH:0
FNDA:0,tabindexEvaluate
DA:8,0
DA:13,0
LF:2
LH:0
BRDA:13,0,0,0
BRDA:13,0,1,0
BRF:2
BRH:0
end_of_record
TN:
SF:lib/checks/label/alt-space-value-evaluate.ts
FN:1,altSpaceValueEvaluate
FNF:1
FNH:0
FNDA:0,altSpaceValueEvaluate
DA:6,0
DA:7,0
DA:8,0
LF:3
LH:0
BRDA:8,0,0,0
BRDA:8,0,1,0
BRF:2
BRH:0
end_of_record
TN:
SF:lib/checks/label/duplicate-img-label-evaluate.ts
FN:5,duplicateImgLabelEvaluate
FNF:1
FNH:0
FNDA:0,duplicateImgLabelEvaluate
DA:10,0
DA:11,0
DA:13,0
DA:15,0
DA:16,0
DA:19,0
DA:20,0
DA:21,0
DA:24,0
LF:9
LH:0
BRDA:10,0,0,0
BRDA:10,0,1,0
BRDA:10,1,0,0
BRDA:10,1,1,0
BRDA:15,2,0,0
BRDA:15,2,1,0
BRDA:20,3,0,0
BRDA:20,3,1,0
BRF:8
BRH:0
end_of_record
TN:
SF:lib/checks/label/explicit-evaluate.ts
FN:5,explicitEvaluate
FN:28,(anonymous_1)
FNF:2
FNH:0
FNDA:0,explicitEvaluate
FNDA:0,(anonymous_1)
DA:11,0
DA:12,0
DA:14,0
DA:15,0
DA:18,0
DA:19,0
DA:20,0
DA:21,0
DA:23,0
DA:24,0
DA:27,0
DA:28,0
DA:30,0
DA:31,0
DA:33,0
DA:39,0
DA:40,0
DA:44,0
LF:18
LH:0
BRDA:11,0,0,0
BRDA:11,0,1,0
BRDA:14,1,0,0
BRDA:14,1,1,0
BRDA:23,2,0,0
BRDA:23,2,1,0
BRDA:30,3,0,0
BRDA:30,3,1,0
BRF:8
BRH:0
end_of_record
TN:
SF:lib/checks/label/help-same-as-label-evaluate.ts
FN:4,helpSameAsLabelEvaluate
FN:22,(anonymous_1)
FNF:2
FNH:0
FNDA:0,helpSameAsLabelEvaluate
FNDA:0,(anonymous_1)
DA:9,0
DA:10,0
DA:12,0
DA:13,0
DA:16,0
DA:17,0
DA:19,0
DA:20,0
DA:21,0
DA:23,0
DA:29,0
LF:11
LH:0
BRDA:12,0,0,0
BRDA:12,0,1,0
BRDA:16,1,0,0
BRDA:16,1,1,0
BRDA:19,2,0,0
BRDA:19,2,1,0
BRDA:23,3,0,0
BRDA:23,3,1,0
BRF:8
BRH:0
end_of_record
TN:
SF:lib/checks/label/hidden-explicit-label-evaluate.ts
FN:5,hiddenExplicitLabelEvaluate
FNF:1
FNH:0
FNDA:0,hiddenExplicitLabelEvaluate
DA:10,0
DA:11,0
DA:12,0
DA:15,0
DA:16,0
DA:17,0
DA:19,0
DA:21,0
DA:22,0
DA:24,0
DA:27,0
DA:28,0
DA:31,0
LF:13
LH:0
BRDA:10,0,0,0
BRDA:10,0,1,0
BRDA:11,1,0,0
BRDA:11,1,1,0
BRDA:19,2,0,0
BRDA:19,2,1,0
BRDA:19,3,0,0
BRDA:19,3,1,0
BRF:8
BRH:0
end_of_record
TN:
SF:lib/checks/label/implicit-evaluate.ts
FN:4,implicitEvaluate
FNF:1
FNH:0
FNDA:0,implicitEvaluate
DA:10,0
DA:11,0
DA:12,0
DA:13,0
DA:19,0
DA:20,0
DA:22,0
DA:23,0
DA:25,0
DA:27,0
LF:10
LH:0
BRDA:12,0,0,0
BRDA:12,0,1,0
BRDA:19,1,0,0
BRDA:19,1,1,0
BRF:4
BRH:0
end_of_record
TN:
SF:lib/checks/label/label-content-name-mismatch-evaluate.ts
FN:12,isStringContained
FN:24,curateString
FN:33,labelContentNameMismatchEvaluate
FNF:3
FNH:0
FNDA:0,isStringContained
FNDA:0,curateString
FNDA:0,labelContentNameMismatchEvaluate
DA:13,0
DA:14,0
DA:15,0
DA:16,0
DA:18,0
DA:25,0
DA:30,0
DA:38,0
DA:40,0
DA:41,0
DA:42,0
DA:51,0
DA:52,0
DA:55,0
DA:59,0
DA:62,0
LF:16
LH:0
BRDA:15,0,0,0
BRDA:15,0,1,0
BRDA:15,1,0,0
BRDA:15,1,1,0
BRDA:40,2,0,0
BRDA:40,2,1,0
BRDA:51,3,0,0
BRDA:51,3,1,0
BRDA:55,4,0,0
BRDA:55,4,1,0
BRDA:55,5,0,0
BRDA:55,5,1,0
BRF:12
BRH:0
end_of_record
TN:
SF:lib/checks/label/multiple-label-evaluate.ts
FN:9,multipleLabelEvaluate
FN:21,(anonymous_1)
FN:38,(anonymous_2)
FNF:3
FNH:0
FNDA:0,multipleLabelEvaluate
FNDA:0,(anonymous_1)
FNDA:0,(anonymous_2)
DA:13,0
DA:14,0
DA:15,0
DA:16,0
DA:17,0
DA:19,0
DA:21,0
DA:24,0
DA:25,0
DA:29,0
DA:31,0
DA:34,0
DA:37,0
DA:38,0
DA:42,0
DA:43,0
DA:46,0
DA:47,0
DA:51,0
LF:19
LH:0
BRDA:16,0,0,0
BRDA:16,0,1,0
BRDA:19,1,0,0
BRDA:19,1,1,0
BRDA:25,2,0,0
BRDA:25,2,1,0
BRDA:26,3,0,0
BRDA:26,3,1,0
BRDA:37,4,0,0
BRDA:37,4,1,0
BRDA:42,5,0,0
BRDA:42,5,1,0
BRDA:47,6,0,0
BRDA:47,6,1,0
BRF:14
BRH:0
end_of_record
TN:
SF:lib/checks/label/title-only-evaluate.ts
FN:3,titleOnlyEvaluate
FNF:1
FNH:0
FNDA:0,titleOnlyEvaluate
DA:8,0
DA:9,0
DA:10,0
DA:12,0
LF:4
LH:0
BRDA:12,0,0,0
BRDA:12,0,1,0
BRDA:12,1,0,0
BRDA:12,1,1,0
BRF:4
BRH:0
end_of_record
TN:
SF:lib/checks/landmarks/landmark-is-unique-after.ts
FN:1,landmarkIsUniqueAfter
FN:6,(anonymous_1)
FN:7,(anonymous_2)
FNF:3
FNH:0
FNDA:0,landmarkIsUniqueAfter
FNDA:0,(anonymous_1)
FNDA:0,(anonymous_2)
DA:2,0
DA:6,0
DA:7,0
DA:8,0
DA:14,0
DA:15,0
DA:16,0
DA:17,0
DA:18,0
DA:21,0
DA:22,0
DA:23,0
LF:12
LH:0
BRDA:9,0,0,0
BRDA:9,0,1,0
BRDA:15,1,0,0
BRDA:15,1,1,0
BRF:4
BRH:0
end_of_record
TN:
SF:lib/checks/landmarks/landmark-is-unique-evaluate.ts
FN:4,landmarkIsUniqueEvaluate
FNF:1
FNH:0
FNDA:0,landmarkIsUniqueEvaluate
DA:10,0
DA:11,0
DA:12,0
DA:13,0
DA:14,0
DA:16,0
LF:6
LH:0
BRDA:12,0,0,0
BRDA:12,0,1,0
BRF:2
BRH:0
end_of_record
TN:
SF:lib/checks/language/has-lang-evaluate.ts
FN:3,hasValue
FN:7,hasLangEvaluate
FN:30,(anonymous_2)
FNF:3
FNH:0
FNDA:0,hasValue
FNDA:0,hasLangEvaluate
FNDA:0,(anonymous_2)
DA:4,0
DA:15,0
DA:17,0
DA:24,0
DA:27,0
DA:30,0
DA:31,0
DA:34,0
DA:35,0
DA:38,0
DA:41,0
LF:11
LH:0
BRDA:4,0,0,0
BRDA:4,0,1,0
BRDA:15,1,0,0
BRDA:15,1,1,0
BRDA:17,2,0,0
BRDA:17,2,1,0
BRDA:18,3,0,0
BRDA:18,3,1,0
BRDA:18,3,2,0
BRDA:18,3,3,0
BRDA:18,3,4,0
BRDA:34,4,0,0
BRDA:34,4,1,0
BRF:13
BRH:0
end_of_record
TN:
SF:lib/checks/language/valid-lang-evaluate.ts
FN:5,validLangEvaluate
FN:12,(anonymous_1)
FNF:2
FNH:0
FNDA:0,validLangEvaluate
FNDA:0,(anonymous_1)
DA:11,0
DA:12,0
DA:13,0
DA:14,0
DA:15,0
DA:18,0
DA:19,0
DA:25,0
DA:30,0
DA:34,0
DA:35,0
DA:37,0
DA:42,0
DA:44,0
DA:45,0
LF:15
LH:0
BRDA:14,0,0,0
BRDA:14,0,1,0
BRDA:19,1,0,0
BRDA:19,1,1,0
BRDA:25,2,0,0
BRDA:25,2,1,0
BRDA:26,3,0,0
BRDA:26,3,1,0
BRDA:26,3,2,0
BRDA:26,3,3,0
BRDA:34,4,0,0
BRDA:34,4,1,0
BRDA:37,5,0,0
BRDA:37,5,1,0
BRDA:39,6,0,0
BRDA:39,6,1,0
BRF:16
BRH:0
end_of_record
TN:
SF:lib/checks/language/xml-lang-mismatch-evaluate.ts
FN:3,xmlLangMismatchEvaluate
FNF:1
FNH:0
FNDA:0,xmlLangMismatchEvaluate
DA:8,0
DA:9,0
DA:11,0
LF:3
LH:0
BRF:0
BRH:0
end_of_record
TN:
SF:lib/checks/lists/dlitem-evaluate.ts
FN:4,dlitemEvaluate
FNF:1
FNH:0
FNDA:0,dlitemEvaluate
DA:5,0
DA:6,0
DA:7,0
DA:9,0
DA:13,0
DA:14,0
DA:15,0
DA:19,0
DA:20,0
DA:23,0
DA:24,0
DA:27,0
LF:12
LH:0
BRDA:9,0,0,0
BRDA:9,0,1,0
BRDA:10,1,0,0
BRDA:10,1,1,0
BRDA:19,2,0,0
BRDA:19,2,1,0
BRDA:23,3,0,0
BRDA:23,3,1,0
BRDA:23,4,0,0
BRDA:23,4,1,0
BRF:10
BRH:0
end_of_record
TN:
SF:lib/checks/lists/invalid-children-evaluate.ts
FN:4,invalidChildrenEvaluate
FN:48,getInvalidSelector
FN:70,isDivGroup
FN:74,mapWithNested
FN:78,(anonymous_4)
FNF:5
FNH:0
FNDA:0,invalidChildrenEvaluate
FNDA:0,getInvalidSelector
FNDA:0,isDivGroup
FNDA:0,mapWithNested
FNDA:0,(anonymous_4)
DA:10,0
DA:11,0
DA:12,0
DA:13,0
DA:16,0
DA:17,0
DA:18,0
DA:19,0
DA:20,0
DA:21,0
DA:23,0
DA:24,0
DA:25,0
DA:28,0
DA:29,0
DA:30,0
DA:32,0
DA:33,0
DA:35,0
DA:36,0
DA:39,0
DA:40,0
DA:43,0
DA:44,0
DA:45,0
DA:53,0
DA:54,0
DA:55,0
DA:56,0
DA:58,0
DA:59,0
DA:62,0
DA:63,0
DA:64,0
DA:66,0
DA:71,0
DA:78,0
LF:37
LH:0
BRDA:7,0,0,0
BRDA:12,1,0,0
BRDA:12,1,1,0
BRDA:19,2,0,0
BRDA:19,2,1,0
BRDA:19,3,0,0
BRDA:19,3,1,0
BRDA:19,3,2,0
BRDA:20,4,0,0
BRDA:20,4,1,0
BRDA:29,5,0,0
BRDA:29,5,1,0
BRDA:32,6,0,0
BRDA:32,6,1,0
BRDA:35,7,0,0
BRDA:35,7,1,0
BRDA:39,8,0,0
BRDA:39,8,1,0
BRDA:51,9,0,0
BRDA:51,10,0,0
BRDA:54,11,0,0
BRDA:54,11,1,0
BRDA:55,12,0,0
BRDA:55,12,1,0
BRDA:55,13,0,0
BRDA:55,13,1,0
BRDA:58,14,0,0
BRDA:58,14,1,0
BRDA:58,15,0,0
BRDA:58,15,1,0
BRDA:63,16,0,0
BRDA:63,16,1,0
BRDA:64,17,0,0
BRDA:64,17,1,0
BRDA:66,18,0,0
BRDA:66,18,1,0
BRDA:71,19,0,0
BRDA:71,19,1,0
BRDA:76,20,0,0
BRF:39
BRH:0
end_of_record
TN:
SF:lib/checks/lists/listitem-evaluate.ts
FN:3,listitemEvaluate
FNF:1
FNH:0
FNDA:0,listitemEvaluate
DA:9,0
DA:10,0
DA:12,0
DA:15,0
DA:16,0
DA:18,0
DA:19,0
DA:22,0
DA:23,0
DA:26,0
DA:28,0
LF:11
LH:0
BRDA:10,0,0,0
BRDA:10,0,1,0
BRDA:18,1,0,0
BRDA:18,1,1,0
BRDA:18,2,0,0
BRDA:18,2,1,0
BRDA:22,3,0,0
BRDA:22,3,1,0
BRDA:22,4,0,0
BRDA:22,4,1,0
BRF:10
BRH:0
end_of_record
TN:
SF:lib/checks/lists/only-dlitems-evaluate.ts
FN:7,onlyDlitemsEvaluate
FN:19,(anonymous_1)
FN:30,(anonymous_2)
FNF:3
FNH:0
FNDA:0,onlyDlitemsEvaluate
FNDA:0,(anonymous_1)
FNDA:0,(anonymous_2)
DA:13,0
DA:14,0
DA:19,0
DA:20,0
DA:21,0
DA:25,0
DA:27,0
DA:30,0
DA:31,0
DA:32,0
DA:34,0
DA:35,0
DA:37,0
DA:38,0
DA:39,0
DA:42,0
DA:46,0
DA:48,0
DA:51,0
DA:52,0
DA:55,0
LF:21
LH:0
BRDA:21,0,0,0
BRDA:21,0,1,0
BRDA:22,1,0,0
BRDA:22,1,1,0
BRDA:34,2,0,0
BRDA:34,2,1,0
BRDA:34,3,0,0
BRDA:34,3,1,0
BRDA:37,4,0,0
BRDA:37,4,1,0
BRDA:37,5,0,0
BRDA:37,5,1,0
BRDA:37,5,2,0
BRDA:38,6,0,0
BRDA:38,6,1,0
BRDA:38,7,0,0
BRDA:38,7,1,0
BRDA:42,8,0,0
BRDA:42,8,1,0
BRDA:43,9,0,0
BRDA:43,9,1,0
BRDA:51,10,0,0
BRDA:51,10,1,0
BRDA:55,11,0,0
BRDA:55,11,1,0
BRF:25
BRH:0
end_of_record
TN:
SF:lib/checks/lists/only-listitems-evaluate.ts
FN:7,onlyListitemsEvaluate
FN:20,(anonymous_1)
FNF:2
FNH:0
FNDA:0,onlyListitemsEvaluate
FNDA:0,(anonymous_1)
DA:13,0
DA:14,0
DA:15,0
DA:16,0
DA:17,0
DA:18,0
DA:20,0
DA:21,0
DA:23,0
DA:24,0
DA:25,0
DA:28,0
DA:29,0
DA:32,0
DA:33,0
DA:34,0
DA:35,0
DA:37,0
DA:38,0
DA:41,0
DA:42,0
DA:44,0
DA:45,0
DA:49,0
DA:50,0
DA:54,0
DA:55,0
DA:56,0
DA:59,0
DA:60,0
DA:63,0
DA:64,0
DA:68,0
LF:33
LH:0
BRDA:23,0,0,0
BRDA:23,0,1,0
BRDA:23,1,0,0
BRDA:23,1,1,0
BRDA:28,2,0,0
BRDA:28,2,1,0
BRDA:28,3,0,0
BRDA:28,3,1,0
BRDA:34,4,0,0
BRDA:34,4,1,0
BRDA:37,5,0,0
BRDA:37,5,1,0
BRDA:37,6,0,0
BRDA:37,6,1,0
BRDA:41,7,0,0
BRDA:41,7,1,0
BRDA:41,8,0,0
BRDA:41,8,1,0
BRDA:44,9,0,0
BRDA:44,9,1,0
BRDA:49,10,0,0
BRDA:49,10,1,0
BRDA:54,11,0,0
BRDA:54,11,1,0
BRDA:54,12,0,0
BRDA:54,12,1,0
BRDA:59,13,0,0
BRDA:59,13,1,0
BRDA:59,14,0,0
BRDA:59,14,1,0
BRF:30
BRH:0
end_of_record
TN:
SF:lib/checks/lists/structured-dlitems-evaluate.ts
FN:1,structuredDlitemsEvaluate
FNF:1
FNH:0
FNDA:0,structuredDlitemsEvaluate
DA:6,0
DA:7,0
DA:8,0
DA:11,0
DA:12,0
DA:14,0
DA:15,0
DA:16,0
DA:17,0
DA:19,0
DA:20,0
DA:22,0
DA:23,0
DA:27,0
LF:14
LH:0
BRDA:7,0,0,0
BRDA:7,0,1,0
BRDA:7,1,0,0
BRDA:7,1,1,0
BRDA:16,2,0,0
BRDA:16,2,1,0
BRDA:19,3,0,0
BRDA:19,3,1,0
BRDA:19,4,0,0
BRDA:19,4,1,0
BRDA:22,5,0,0
BRDA:22,5,1,0
BRDA:27,6,0,0
BRDA:27,6,1,0
BRF:14
BRH:0
end_of_record
TN:
SF:lib/checks/media/caption-evaluate.ts
FN:3,captionEvaluate
FN:9,(anonymous_1)
FNF:2
FNH:0
FNDA:0,captionEvaluate
FNDA:0,(anonymous_1)
DA:8,0
DA:9,0
DA:10,0
DA:14,0
LF:4
LH:0
BRDA:10,0,0,0
BRDA:10,0,1,0
BRDA:14,1,0,0
BRDA:14,1,1,0
BRF:4
BRH:0
end_of_record
TN:
SF:lib/checks/media/frame-tested-after.ts
FN:3,frameTestedAfter
FN:6,(anonymous_1)
FNF:2
FNH:0
FNDA:0,frameTestedAfter
FNDA:0,(anonymous_1)
DA:1,0
DA:4,0
DA:6,0
DA:8,0
DA:10,0
DA:11,0
DA:12,0
DA:13,0
DA:17,0
DA:23,0
DA:24,0
DA:27,0
LF:12
LH:0
BRDA:10,0,0,0
BRDA:10,0,1,0
BRDA:23,1,0,0
BRDA:23,1,1,0
BRF:4
BRH:0
end_of_record
TN:
SF:lib/checks/media/frame-tested-evaluate.ts
FN:1,frameTestedEvaluate
FNF:1
FNH:0
FNDA:0,frameTestedEvaluate
DA:6,0
LF:1
LH:0
BRDA:6,0,0,0
BRDA:6,0,1,0
BRF:2
BRH:0
end_of_record
TN:
SF:lib/checks/media/no-autoplay-audio-evaluate.ts
FN:1,noAutoplayAudioEvaluate
FN:45,getPlayableDuration
FN:62,getPlaybackRange
FN:70,(anonymous_3)
FN:79,convertHourMinSecToSeconds
FNF:5
FNH:0
FNDA:0,noAutoplayAudioEvaluate
FNDA:0,getPlayableDuration
FNDA:0,getPlaybackRange
FNDA:0,(anonymous_3)
FNDA:0,convertHourMinSecToSeconds
DA:5,0
DA:11,0
DA:12,0
DA:18,0
DA:19,0
DA:20,0
DA:26,0
DA:27,0
DA:28,0
DA:29,0
DA:36,0
DA:37,0
DA:40,0
DA:46,0
DA:47,0
DA:50,0
DA:51,0
DA:52,0
DA:55,0
DA:56,0
DA:59,0
DA:63,0
DA:64,0
DA:65,0
DA:67,0
DA:68,0
DA:70,0
DA:72,0
DA:73,0
DA:75,0
DA:80,0
DA:81,0
DA:82,0
DA:84,0
DA:85,0
DA:86,0
DA:89,0
LF:37
LH:0
BRDA:11,0,0,0
BRDA:11,0,1,0
BRDA:18,1,0,0
BRDA:18,1,1,0
BRDA:26,2,0,0
BRDA:28,3,0,0
BRDA:28,3,1,0
BRDA:36,4,0,0
BRDA:36,4,1,0
BRDA:46,5,0,0
BRDA:46,5,1,0
BRDA:51,6,0,0
BRDA:51,6,1,0
BRDA:52,7,0,0
BRDA:52,7,1,0
BRDA:55,8,0,0
BRDA:55,8,1,0
BRDA:64,9,0,0
BRDA:64,9,1,0
BRDA:72,10,0,0
BRDA:72,10,1,0
BRF:21
BRH:0
end_of_record
TN:
SF:lib/checks/mobile/css-orientation-lock-evaluate.ts
FN:1,cssOrientationLockEvaluate
FN:25,(anonymous_1)
FN:26,(anonymous_2)
FN:53,groupCssomByDocument
FN:54,(anonymous_4)
FN:72,isMediaRuleWithOrientation
FN:83,getIsOrientationLocked
FN:111,getTransformDegrees
FN:127,getRotationInDegrees
FN:138,(anonymous_9)
FN:152,getAngleInDegrees
FN:173,getAngleInDegreesFromMatrixTransform
FN:191,convertRadToDeg
FN:195,convertGradToDeg
FN:203,convertTurnToDeg
FNF:15
FNH:0
FNDA:0,cssOrientationLockEvaluate
FNDA:0,(anonymous_1)
FNDA:0,(anonymous_2)
FNDA:0,groupCssomByDocument
FNDA:0,(anonymous_4)
FNDA:0,isMediaRuleWithOrientation
FNDA:0,getIsOrientationLocked
FNDA:0,getTransformDegrees
FNDA:0,getRotationInDegrees
FNDA:0,(anonymous_9)
FNDA:0,getAngleInDegrees
FNDA:0,getAngleInDegreesFromMatrixTransform
FNDA:0,convertRadToDeg
FNDA:0,convertGradToDeg
FNDA:0,convertTurnToDeg
DA:8,0
DA:9,0
DA:10,0
DA:11,0
DA:14,0
DA:15,0
DA:16,0
DA:18,0
DA:19,0
DA:20,0
DA:21,0
DA:22,0
DA:25,0
DA:26,0
DA:27,0
DA:30,0
DA:32,0
DA:37,0
DA:40,0
DA:45,0
DA:46,0
DA:48,0
DA:49,0
DA:51,0
DA:54,0
DA:55,0
DA:57,0
DA:58,0
DA:61,0
DA:62,0
DA:65,0
DA:66,0
DA:68,0
DA:73,0
DA:74,0
DA:77,0
DA:84,0
DA:85,0
DA:89,0
DA:90,0
DA:91,0
DA:94,0
DA:95,0
DA:98,0
DA:99,0
DA:100,0
DA:102,0
DA:104,0
DA:105,0
DA:108,0
DA:112,0
DA:113,0
DA:116,0
DA:119,0
DA:120,0
DA:123,0
DA:124,0
DA:131,0
DA:134,0
DA:136,0
DA:138,0
DA:139,0
DA:140,0
DA:142,0
DA:146,0
DA:148,0
DA:154,0
DA:155,0
DA:156,0
DA:159,0
DA:160,0
DA:162,0
DA:164,0
DA:166,0
DA:169,0
DA:176,0
DA:178,0
DA:179,0
DA:180,0
DA:181,0
DA:184,0
DA:185,0
DA:186,0
DA:187,0
DA:188,0
DA:192,0
DA:196,0
DA:197,0
DA:198,0
DA:200,0
DA:204,0
LF:91
LH:0
BRDA:8,0,0,0
BRDA:8,1,0,0
BRDA:8,1,1,0
BRDA:9,2,0,0
BRDA:9,3,0,0
BRDA:9,3,1,0
BRDA:10,4,0,0
BRDA:10,4,1,0
BRDA:10,5,0,0
BRDA:10,5,1,0
BRDA:21,6,0,0
BRDA:21,6,1,0
BRDA:30,7,0,0
BRDA:30,7,1,0
BRDA:30,8,0,0
BRDA:30,8,1,0
BRDA:32,9,0,0
BRDA:32,9,1,0
BRDA:40,10,0,0
BRDA:40,10,1,0
BRDA:45,11,0,0
BRDA:45,11,1,0
BRDA:48,12,0,0
BRDA:48,12,1,0
BRDA:55,13,0,0
BRDA:55,13,1,0
BRDA:57,14,0,0
BRDA:57,14,1,0
BRDA:61,15,0,0
BRDA:61,15,1,0
BRDA:61,16,0,0
BRDA:61,16,1,0
BRDA:73,17,0,0
BRDA:73,17,1,0
BRDA:78,18,0,0
BRDA:78,18,1,0
BRDA:84,19,0,0
BRDA:84,19,1,0
BRDA:84,20,0,0
BRDA:84,20,1,0
BRDA:89,21,0,0
BRDA:89,21,1,0
BRDA:89,21,2,0
BRDA:89,21,3,0
BRDA:90,22,0,0
BRDA:90,22,1,0
BRDA:90,23,0,0
BRDA:90,23,1,0
BRDA:99,24,0,0
BRDA:99,24,1,0
BRDA:104,25,0,0
BRDA:104,25,1,0
BRDA:112,26,0,0
BRDA:112,26,1,0
BRDA:119,27,0,0
BRDA:119,27,1,0
BRDA:124,28,0,0
BRDA:124,28,1,0
BRDA:124,29,0,0
BRDA:124,29,1,0
BRDA:131,30,0,0
BRDA:131,30,1,0
BRDA:131,30,2,0
BRDA:131,30,3,0
BRDA:131,30,4,0
BRDA:131,30,5,0
BRDA:139,31,0,0
BRDA:139,31,1,0
BRDA:139,32,0,0
BRDA:139,32,1,0
BRDA:142,33,0,0
BRDA:142,33,1,0
BRDA:154,34,0,0
BRDA:154,34,1,0
BRDA:155,35,0,0
BRDA:155,35,1,0
BRDA:160,36,0,0
BRDA:160,36,1,0
BRDA:160,36,2,0
BRDA:160,36,3,0
BRDA:160,36,4,0
BRDA:178,37,0,0
BRDA:178,37,1,0
BRDA:180,38,0,0
BRDA:180,38,1,0
BRDA:180,39,0,0
BRDA:180,39,1,0
BRDA:184,40,0,0
BRDA:184,40,1,0
BRDA:187,41,0,0
BRDA:187,41,1,0
BRDA:197,42,0,0
BRDA:197,42,1,0
BRF:93
BRH:0
end_of_record
TN:
SF:lib/checks/mobile/meta-viewport-scale-evaluate.ts
FN:1,metaViewportScaleEvaluate
FN:16,(anonymous_1)
FNF:2
FNH:0
FNDA:0,metaViewportScaleEvaluate
FNDA:0,(anonymous_1)
DA:7,0
DA:9,0
DA:10,0
DA:11,0
DA:14,0
DA:17,0
DA:18,0
DA:19,0
DA:22,0
DA:23,0
DA:24,0
DA:26,0
DA:27,0
DA:30,0
DA:31,0
DA:34,0
DA:35,0
DA:38,0
DA:39,0
DA:42,0
DA:47,0
DA:50,0
DA:51,0
DA:52,0
DA:55,0
DA:56,0
DA:63,0
DA:64,0
DA:67,0
DA:71,0
DA:72,0
DA:75,0
LF:32
LH:0
BRDA:7,0,0,0
BRDA:7,1,0,0
BRDA:7,2,0,0
BRDA:7,2,1,0
BRDA:9,3,0,0
BRDA:9,3,1,0
BRDA:10,4,0,0
BRDA:10,4,1,0
BRDA:18,5,0,0
BRDA:18,5,1,0
BRDA:23,6,0,0
BRDA:23,6,1,0
BRDA:23,7,0,0
BRDA:23,7,1,0
BRDA:30,8,0,0
BRDA:30,8,1,0
BRDA:30,9,0,0
BRDA:30,9,1,0
BRDA:34,10,0,0
BRDA:34,10,1,0
BRDA:34,11,0,0
BRDA:34,11,1,0
BRDA:42,12,0,0
BRDA:42,12,1,0
BRDA:43,13,0,0
BRDA:43,13,1,0
BRDA:43,13,2,0
BRDA:50,14,0,0
BRDA:50,14,1,0
BRDA:50,15,0,0
BRDA:50,15,1,0
BRDA:56,16,0,0
BRDA:56,16,1,0
BRDA:57,17,0,0
BRDA:57,17,1,0
BRDA:57,17,2,0
BRDA:57,17,3,0
BRDA:57,17,4,0
BRDA:57,17,5,0
BRDA:67,18,0,0
BRDA:67,18,1,0
BRDA:68,19,0,0
BRDA:68,19,1,0
BRF:43
BRH:0
end_of_record
TN:
SF:lib/checks/mobile/target-offset-evaluate.ts
FN:7,targetOffsetEvaluate
FN:59,(anonymous_1)
FN:74,roundToSingleDecimal
FNF:3
FNH:0
FNDA:0,targetOffsetEvaluate
FNDA:0,(anonymous_1)
FNDA:0,roundToSingleDecimal
DA:5,0
DA:13,0
DA:15,0
DA:16,0
DA:17,0
DA:20,0
DA:21,0
DA:22,0
DA:23,0
DA:24,0
DA:26,0
DA:27,0
DA:28,0
DA:30,0
DA:31,0
DA:36,0
DA:39,0
DA:42,0
DA:43,0
DA:46,0
DA:47,0
DA:48,0
DA:50,0
DA:51,0
DA:54,0
DA:55,0
DA:56,0
DA:59,0
DA:61,0
DA:62,0
DA:67,0
DA:70,0
DA:71,0
DA:75,0
LF:34
LH:0
BRDA:13,0,0,0
BRDA:13,0,1,0
BRDA:15,1,0,0
BRDA:15,1,1,0
BRDA:23,2,0,0
BRDA:23,2,1,0
BRDA:23,3,0,0
BRDA:23,3,1,0
BRDA:30,4,0,0
BRDA:30,4,1,0
BRDA:42,5,0,0
BRDA:42,5,1,0
BRDA:47,6,0,0
BRDA:47,6,1,0
BRDA:54,7,0,0
BRDA:54,7,1,0
BRDA:61,8,0,0
BRDA:61,8,1,0
BRDA:71,9,0,0
BRDA:71,9,1,0
BRF:20
BRH:0
end_of_record
TN:
SF:lib/checks/mobile/target-size-evaluate.ts
FN:14,targetSizeEvaluate
FN:90,filterOverflowingContent
FN:92,(anonymous_2)
FN:98,filterByElmsOverlap
FN:120,getLargestUnobscuredArea
FN:123,(anonymous_5)
FN:135,getLargestRect
FN:136,(anonymous_7)
FN:148,filterFocusableWidgets
FN:150,(anonymous_9)
FN:154,isEnclosedRect
FN:165,getCssPointerEvents
FN:169,toDecimalSize
FN:176,isDescendantNotInTabOrder
FN:180,mapActualNodes
FN:181,(anonymous_15)
FNF:16
FNH:0
FNDA:0,targetSizeEvaluate
FNDA:0,filterOverflowingContent
FNDA:0,(anonymous_2)
FNDA:0,filterByElmsOverlap
FNDA:0,getLargestUnobscuredArea
FNDA:0,(anonymous_5)
FNDA:0,getLargestRect
FNDA:0,(anonymous_7)
FNDA:0,filterFocusableWidgets
FNDA:0,(anonymous_9)
FNDA:0,isEnclosedRect
FNDA:0,getCssPointerEvents
FNDA:0,toDecimalSize
FNDA:0,isDescendantNotInTabOrder
FNDA:0,mapActualNodes
FNDA:0,(anonymous_15)
DA:20,0
DA:21,0
DA:22,0
DA:23,0
DA:24,0
DA:27,0
DA:28,0
DA:29,0
DA:30,0
DA:35,0
DA:39,0
DA:40,0
DA:41,0
DA:44,0
DA:45,0
DA:46,0
DA:47,0
DA:50,0
DA:52,0
DA:53,0
DA:54,0
DA:57,0
DA:59,0
DA:60,0
DA:61,0
DA:64,0
DA:65,0
DA:66,0
DA:67,0
DA:70,0
DA:71,0
DA:72,0
DA:73,0
DA:74,0
DA:77,0
DA:78,0
DA:80,0
DA:81,0
DA:82,0
DA:85,0
DA:86,0
DA:87,0
DA:91,0
DA:93,0
DA:102,0
DA:103,0
DA:104,0
DA:105,0
DA:110,0
DA:111,0
DA:113,0
DA:117,0
DA:121,0
DA:122,0
DA:123,0
DA:126,0
DA:127,0
DA:129,0
DA:132,0
DA:136,0
DA:137,0
DA:138,0
DA:139,0
DA:140,0
DA:142,0
DA:143,0
DA:144,0
DA:149,0
DA:150,0
DA:155,0
DA:156,0
DA:157,0
DA:166,0
DA:170,0
DA:177,0
DA:181,0
LF:76
LH:0
BRDA:20,0,0,0
BRDA:20,0,1,0
BRDA:22,1,0,0
BRDA:22,1,1,0
BRDA:35,2,0,0
BRDA:35,2,1,0
BRDA:36,3,0,0
BRDA:36,3,1,0
BRDA:36,3,2,0
BRDA:44,4,0,0
BRDA:44,4,1,0
BRDA:50,5,0,0
BRDA:50,5,1,0
BRDA:52,6,0,0
BRDA:52,6,1,0
BRDA:59,7,0,0
BRDA:59,7,1,0
BRDA:65,8,0,0
BRDA:65,8,1,0
BRDA:70,9,0,0
BRDA:70,9,1,0
BRDA:71,10,0,0
BRDA:71,10,1,0
BRDA:78,11,0,0
BRDA:78,11,1,0
BRDA:82,12,0,0
BRDA:82,12,1,0
BRDA:85,13,0,0
BRDA:85,13,1,0
BRDA:93,14,0,0
BRDA:93,14,1,0
BRDA:105,15,0,0
BRDA:105,15,1,0
BRDA:106,16,0,0
BRDA:106,16,1,0
BRDA:106,16,2,0
BRDA:110,17,0,0
BRDA:110,17,1,0
BRDA:137,18,0,0
BRDA:137,18,1,0
BRDA:138,19,0,0
BRDA:138,19,1,0
BRDA:139,20,0,0
BRDA:139,20,1,0
BRDA:140,21,0,0
BRDA:140,21,1,0
BRDA:144,22,0,0
BRDA:144,22,1,0
BRDA:150,23,0,0
BRDA:150,23,1,0
BRDA:158,24,0,0
BRDA:158,24,1,0
BRDA:158,24,2,0
BRDA:158,24,3,0
BRDA:177,25,0,0
BRDA:177,25,1,0
BRF:56
BRH:0
end_of_record
TN:
SF:lib/checks/navigation/heading-order-after.ts
FN:3,headingOrderAfter
FN:6,(anonymous_1)
FN:12,getHeadingOrderOutcome
FN:29,getHeadingOrder
FN:31,(anonymous_4)
FN:35,(anonymous_5)
FN:38,mergeHeadingOrder
FN:46,(anonymous_7)
FN:59,getFrameIndex
FN:70,findHeadingOrderIndex
FN:71,(anonymous_10)
FN:76,addFrameToHeadingAncestry
FN:81,shortenArray
FNF:13
FNH:0
FNDA:0,headingOrderAfter
FNDA:0,(anonymous_1)
FNDA:0,getHeadingOrderOutcome
FNDA:0,getHeadingOrder
FNDA:0,(anonymous_4)
FNDA:0,(anonymous_5)
FNDA:0,mergeHeadingOrder
FNDA:0,(anonymous_7)
FNDA:0,getFrameIndex
FNDA:0,findHeadingOrderIndex
FNDA:0,(anonymous_10)
FNDA:0,addFrameToHeadingAncestry
FNDA:0,shortenArray
DA:5,0
DA:6,0
DA:7,0
DA:9,0
DA:16,0
DA:17,0
DA:18,0
DA:20,0
DA:21,0
DA:23,0
DA:24,0
DA:26,0
DA:30,0
DA:31,0
DA:32,0
DA:34,0
DA:35,0
DA:39,0
DA:40,0
DA:42,0
DA:43,0
DA:46,0
DA:47,0
DA:50,0
DA:51,0
DA:52,0
DA:54,0
DA:56,0
DA:60,0
DA:61,0
DA:62,0
DA:63,0
DA:65,0
DA:67,0
DA:71,0
DA:72,0
DA:77,0
DA:78,0
DA:82,0
LF:39
LH:0
BRDA:17,0,0,0
BRDA:17,0,1,0
BRDA:18,1,0,0
BRDA:18,1,1,0
BRDA:20,2,0,0
BRDA:20,2,1,0
BRDA:23,3,0,0
BRDA:23,3,1,0
BRDA:42,4,0,0
BRDA:42,4,1,0
BRDA:51,5,0,0
BRDA:51,5,1,0
BRDA:62,6,0,0
BRDA:62,6,1,0
BRF:14
BRH:0
end_of_record
TN:
SF:lib/checks/navigation/heading-order-evaluate.ts
FN:8,getLevel
FN:38,headingOrderEvaluate
FN:52,(anonymous_2)
FNF:3
FNH:0
FNDA:0,getLevel
FNDA:0,headingOrderEvaluate
FNDA:0,(anonymous_2)
DA:9,0
DA:10,0
DA:11,0
DA:12,0
DA:14,0
DA:16,0
DA:17,0
DA:20,0
DA:21,0
DA:24,0
DA:25,0
DA:26,0
DA:28,0
DA:31,0
DA:32,0
DA:35,0
DA:39,0
DA:40,0
DA:41,0
DA:44,0
DA:46,0
DA:52,0
DA:53,0
DA:58,0
DA:59,0
DA:60,0
LF:26
LH:0
BRDA:10,0,0,0
BRDA:10,0,1,0
BRDA:14,1,0,0
BRDA:14,1,1,0
BRDA:16,2,0,0
BRDA:16,2,1,0
BRDA:20,3,0,0
BRDA:20,3,1,0
BRDA:20,4,0,0
BRDA:20,4,1,0
BRDA:24,5,0,0
BRDA:24,5,1,0
BRDA:24,6,0,0
BRDA:24,6,1,0
BRDA:25,7,0,0
BRDA:25,7,1,0
BRDA:31,8,0,0
BRDA:31,8,1,0
BRDA:40,9,0,0
BRDA:40,9,1,0
BRF:20
BRH:0
end_of_record
TN:
SF:lib/checks/navigation/identical-links-same-purpose-after.ts
FN:1,isIdenticalObject
FN:13,(anonymous_1)
FN:31,identicalLinksSamePurposeAfter
FN:37,(anonymous_3)
FN:52,(anonymous_4)
FN:55,(anonymous_5)
FN:65,(anonymous_6)
FNF:7
FNH:0
FNDA:0,isIdenticalObject
FNDA:0,(anonymous_1)
FNDA:0,identicalLinksSamePurposeAfter
FNDA:0,(anonymous_3)
FNDA:0,(anonymous_4)
FNDA:0,(anonymous_5)
FNDA:0,(anonymous_6)
DA:2,0
DA:3,0
DA:6,0
DA:7,0
DA:9,0
DA:10,0
DA:13,0
DA:14,0
DA:15,0
DA:17,0
DA:18,0
DA:21,0
DA:22,0
DA:25,0
DA:28,0
DA:32,0
DA:33,0
DA:36,0
DA:37,0
DA:40,0
DA:41,0
DA:43,0
DA:44,0
DA:46,0
DA:47,0
DA:48,0
DA:51,0
DA:53,0
DA:55,0
DA:56,0
DA:59,0
DA:60,0
DA:63,0
DA:64,0
DA:65,0
DA:68,0
DA:70,0
DA:73,0
LF:38
LH:0
BRDA:2,0,0,0
BRDA:2,0,1,0
BRDA:2,1,0,0
BRDA:2,1,1,0
BRDA:9,2,0,0
BRDA:9,2,1,0
BRDA:17,3,0,0
BRDA:17,3,1,0
BRDA:21,4,0,0
BRDA:21,4,1,0
BRDA:21,5,0,0
BRDA:21,5,1,0
BRDA:32,6,0,0
BRDA:32,6,1,0
BRDA:47,7,0,0
BRDA:47,7,1,0
BRDA:53,8,0,0
BRDA:53,8,1,0
BRDA:59,9,0,0
BRDA:59,9,1,0
BRDA:59,10,0,0
BRDA:59,10,1,0
BRF:22
BRH:0
end_of_record
TN:
SF:lib/checks/navigation/identical-links-same-purpose-evaluate.ts
FN:3,identicalLinksSamePurposeEvaluate
FNF:1
FNH:0
FNDA:0,identicalLinksSamePurposeEvaluate
DA:9,0
DA:10,0
DA:20,0
DA:21,0
DA:24,0
DA:28,0
DA:29,0
DA:31,0
LF:8
LH:0
BRDA:20,0,0,0
BRDA:20,0,1,0
BRF:2
BRH:0
end_of_record
TN:
SF:lib/checks/navigation/internal-link-present-evaluate.ts
FN:3,internalLinkPresentEvaluate
FN:9,(anonymous_1)
FNF:2
FNH:0
FNDA:0,internalLinkPresentEvaluate
FNDA:0,(anonymous_1)
DA:8,0
DA:9,0
DA:10,0
LF:3
LH:0
BRF:0
BRH:0
end_of_record
TN:
SF:lib/checks/navigation/meta-refresh-evaluate.ts
FN:4,metaRefreshEvaluate
FNF:1
FNH:0
FNDA:0,metaRefreshEvaluate
DA:1,0
DA:2,0
DA:10,0
DA:11,0
DA:12,0
DA:13,0
DA:14,0
DA:17,0
DA:18,0
DA:19,0
DA:20,0
DA:22,0
DA:23,0
DA:25,0
LF:14
LH:0
BRDA:10,0,0,0
BRDA:10,0,1,0
BRDA:11,1,0,0
BRDA:11,1,1,0
BRDA:13,2,0,0
BRDA:13,2,1,0
BRDA:19,3,0,0
BRDA:19,3,1,0
BRDA:19,4,0,0
BRDA:19,4,1,0
BRDA:22,5,0,0
BRDA:22,5,1,0
BRDA:22,6,0,0
BRDA:22,6,1,0
BRF:14
BRH:0
end_of_record
TN:
SF:lib/checks/navigation/p-as-heading-evaluate.ts
FN:3,normalizeFontWeight
FN:18,getTextContainer
FN:40,getStyleValues
FN:53,isHeaderStyle
FN:54,(anonymous_4)
FN:65,pAsHeadingEvaluate
FN:78,(anonymous_6)
FN:83,(anonymous_7)
FNF:8
FNH:0
FNDA:0,normalizeFontWeight
FNDA:0,getTextContainer
FNDA:0,getStyleValues
FNDA:0,isHeaderStyle
FNDA:0,(anonymous_4)
FNDA:0,pAsHeadingEvaluate
FNDA:0,(anonymous_6)
FNDA:0,(anonymous_7)
DA:4,0
DA:6,0
DA:8,0
DA:10,0
DA:12,0
DA:14,0
DA:15,0
DA:19,0
DA:20,0
DA:21,0
DA:23,0
DA:24,0
DA:25,0
DA:26,0
DA:27,0
DA:30,0
DA:31,0
DA:32,0
DA:34,0
DA:37,0
DA:45,0
DA:46,0
DA:54,0
DA:55,0
DA:70,0
DA:71,0
DA:73,0
DA:74,0
DA:76,0
DA:78,0
DA:80,0
DA:83,0
DA:85,0
DA:86,0
DA:87,0
DA:89,0
DA:90,0
DA:92,0
DA:93,0
DA:95,0
DA:96,0
DA:99,0
DA:100,0
DA:103,0
DA:104,0
DA:105,0
DA:108,0
DA:109,0
DA:112,0
DA:113,0
DA:115,0
LF:51
LH:0
BRDA:4,0,0,0
BRDA:4,0,1,0
BRDA:4,0,2,0
BRDA:4,0,3,0
BRDA:15,1,0,0
BRDA:15,1,1,0
BRDA:23,2,0,0
BRDA:23,2,1,0
BRDA:26,3,0,0
BRDA:26,3,1,0
BRDA:33,4,0,0
BRDA:33,4,1,0
BRDA:56,5,0,0
BRDA:56,5,1,0
BRDA:56,5,2,0
BRDA:56,5,3,0
BRDA:56,5,4,0
BRDA:56,5,5,0
BRDA:56,5,6,0
BRDA:56,5,7,0
BRDA:73,6,0,0
BRDA:73,6,1,0
BRDA:74,7,0,0
BRDA:74,7,1,0
BRDA:86,8,0,0
BRDA:86,8,1,0
BRDA:87,9,0,0
BRDA:87,9,1,0
BRDA:95,10,0,0
BRDA:95,10,1,0
BRDA:99,11,0,0
BRDA:99,11,1,0
BRDA:99,12,0,0
BRDA:99,12,1,0
BRDA:104,13,0,0
BRDA:104,13,1,0
BRDA:104,14,0,0
BRDA:104,14,1,0
BRDA:108,15,0,0
BRDA:108,15,1,0
BRDA:108,16,0,0
BRDA:108,16,1,0
BRDA:112,17,0,0
BRDA:112,17,1,0
BRF:44
BRH:0
end_of_record
TN:
SF:lib/checks/navigation/region-after.ts
FN:3,regionAfter
FN:4,(anonymous_1)
FN:6,(anonymous_2)
FN:20,(anonymous_3)
FNF:4
FNH:0
FNDA:0,regionAfter
FNDA:0,(anonymous_1)
FNDA:0,(anonymous_2)
FNDA:0,(anonymous_3)
DA:4,0
DA:6,0
DA:7,0
DA:8,0
DA:11,0
DA:12,0
DA:13,0
DA:14,0
DA:15,0
DA:20,0
DA:21,0
DA:22,0
DA:25,0
LF:13
LH:0
BRDA:7,0,0,0
BRDA:7,0,1,0
BRDA:7,1,0,0
BRDA:7,1,1,0
BRDA:13,2,0,0
BRDA:13,2,1,0
BRDA:21,3,0,0
BRDA:21,3,1,0
BRF:8
BRH:0
end_of_record
TN:
SF:lib/checks/navigation/region-evaluate.ts
FN:12,regionEvaluate
FN:22,(anonymous_1)
FN:29,getRegionlessNodes
FN:31,(anonymous_3)
FN:42,(anonymous_4)
FN:48,findRegionlessElms
FN:75,(anonymous_6)
FN:76,(anonymous_7)
FN:77,(anonymous_8)
FN:81,isShallowlyHidden
FN:88,isRegion
FNF:11
FNH:0
FNDA:0,regionEvaluate
FNDA:0,(anonymous_1)
FNDA:0,getRegionlessNodes
FNDA:0,(anonymous_3)
FNDA:0,(anonymous_4)
FNDA:0,findRegionlessElms
FNDA:0,(anonymous_6)
FNDA:0,(anonymous_7)
FNDA:0,(anonymous_8)
FNDA:0,isShallowlyHidden
FNDA:0,isRegion
DA:10,0
DA:18,0
DA:22,0
DA:23,0
DA:26,0
DA:30,0
DA:32,0
DA:37,0
DA:40,0
DA:43,0
DA:45,0
DA:49,0
DA:50,0
DA:58,0
DA:59,0
DA:60,0
DA:61,0
DA:63,0
DA:64,0
DA:66,0
DA:67,0
DA:72,0
DA:74,0
DA:75,0
DA:76,0
DA:77,0
DA:82,0
DA:89,0
DA:90,0
DA:91,0
DA:92,0
DA:94,0
DA:98,0
DA:101,0
DA:102,0
DA:105,0
DA:106,0
DA:109,0
LF:38
LH:0
BRDA:33,0,0,0
BRDA:33,0,1,0
BRDA:33,0,2,0
BRDA:50,1,0,0
BRDA:50,1,1,0
BRDA:50,2,0,0
BRDA:50,2,1,0
BRDA:50,2,2,0
BRDA:50,2,3,0
BRDA:50,2,4,0
BRDA:50,2,5,0
BRDA:63,3,0,0
BRDA:63,3,1,0
BRDA:67,4,0,0
BRDA:67,4,1,0
BRDA:68,5,0,0
BRDA:68,5,1,0
BRDA:68,5,2,0
BRDA:83,6,0,0
BRDA:83,6,1,0
BRDA:83,7,0,0
BRDA:83,7,1,0
BRDA:91,8,0,0
BRDA:91,8,1,0
BRDA:94,9,0,0
BRDA:94,9,1,0
BRDA:95,10,0,0
BRDA:95,10,1,0
BRDA:96,11,0,0
BRDA:96,11,1,0
BRDA:101,12,0,0
BRDA:101,12,1,0
BRDA:101,13,0,0
BRDA:101,13,1,0
BRDA:105,14,0,0
BRDA:105,14,1,0
BRDA:105,15,0,0
BRDA:105,15,1,0
BRF:38
BRH:0
end_of_record
TN:
SF:lib/checks/navigation/skip-link-evaluate.ts
FN:6,skipLinkEvaluate
FNF:1
FNH:0
FNDA:0,skipLinkEvaluate
DA:7,0
DA:8,0
DA:9,0
DA:11,0
LF:4
LH:0
BRDA:8,0,0,0
BRDA:8,0,1,0
BRDA:9,1,0,0
BRDA:9,1,1,0
BRF:4
BRH:0
end_of_record
TN:
SF:lib/checks/navigation/unique-frame-title-after.ts
FN:1,uniqueFrameTitleAfter
FN:3,(anonymous_1)
FN:6,(anonymous_2)
FNF:3
FNH:0
FNDA:0,uniqueFrameTitleAfter
FNDA:0,(anonymous_1)
FNDA:0,(anonymous_2)
DA:2,0
DA:3,0
DA:4,0
DA:6,0
DA:7,0
DA:10,0
LF:6
LH:0
BRDA:4,0,0,0
BRDA:4,0,1,0
BRF:2
BRH:0
end_of_record
TN:
SF:lib/checks/navigation/unique-frame-title-evaluate.ts
FN:3,uniqueFrameTitleEvaluate
FNF:1
FNH:0
FNDA:0,uniqueFrameTitleEvaluate
DA:9,0
DA:10,0
DA:11,0
LF:3
LH:0
BRF:0
BRH:0
end_of_record
TN:
SF:lib/checks/parsing/duplicate-id-after.ts
FN:1,duplicateIdAfter
FN:3,(anonymous_1)
FNF:2
FNH:0
FNDA:0,duplicateIdAfter
FNDA:0,(anonymous_1)
DA:2,0
DA:3,0
DA:4,0
DA:5,0
DA:6,0
DA:8,0
LF:6
LH:0
BRDA:4,0,0,0
BRDA:4,0,1,0
BRF:2
BRH:0
end_of_record
TN:
SF:lib/checks/parsing/duplicate-id-evaluate.ts
FN:4,duplicateIdEvaluate
FN:14,(anonymous_1)
FNF:2
FNH:0
FNDA:0,duplicateIdEvaluate
FNDA:0,(anonymous_1)
DA:5,0
DA:8,0
DA:9,0
DA:11,0
DA:12,0
DA:14,0
DA:16,0
DA:17,0
DA:19,0
DA:21,0
LF:10
LH:0
BRDA:8,0,0,0
BRDA:8,0,1,0
BRDA:16,1,0,0
BRDA:16,1,1,0
BRF:4
BRH:0
end_of_record
TN:
SF:lib/checks/shared/aria-label-evaluate.ts
FN:4,ariaLabelEvaluate
FNF:1
FNH:0
FNDA:0,ariaLabelEvaluate
DA:9,0
LF:1
LH:0
BRF:0
BRH:0
end_of_record
TN:
SF:lib/checks/shared/aria-labelledby-evaluate.ts
FN:4,ariaLabelledbyEvaluate
FNF:1
FNH:0
FNDA:0,ariaLabelledbyEvaluate
DA:9,0
DA:10,0
DA:12,0
LF:3
LH:0
BRF:0
BRH:0
end_of_record
TN:
SF:lib/checks/shared/avoid-inline-spacing-evaluate.ts
FN:1,avoidInlineSpacingEvaluate
FN:7,(anonymous_1)
FNF:2
FNH:0
FNDA:0,avoidInlineSpacingEvaluate
FNDA:0,(anonymous_1)
DA:6,0
DA:8,0
DA:9,0
DA:14,0
DA:15,0
DA:16,0
DA:19,0
LF:7
LH:0
BRDA:8,0,0,0
BRDA:8,0,1,0
BRDA:14,1,0,0
BRDA:14,1,1,0
BRF:4
BRH:0
end_of_record
TN:
SF:lib/checks/shared/doc-has-title-evaluate.ts
FN:3,docHasTitleEvaluate
FNF:1
FNH:0
FNDA:0,docHasTitleEvaluate
DA:4,0
DA:5,0
LF:2
LH:0
BRF:0
BRH:0
end_of_record
TN:
SF:lib/checks/shared/exists-evaluate.ts
FN:1,existsEvaluate
FNF:1
FNH:0
FNDA:0,existsEvaluate
DA:2,0
LF:1
LH:0
BRF:0
BRH:0
end_of_record
TN:
SF:lib/checks/shared/has-alt-evaluate.ts
FN:1,hasAltEvaluate
FNF:1
FNH:0
FNDA:0,hasAltEvaluate
DA:6,0
DA:7,0
DA:8,0
DA:11,0
LF:4
LH:0
BRDA:7,0,0,0
BRDA:7,0,1,0
BRF:2
BRH:0
end_of_record
TN:
SF:lib/checks/shared/inline-style-property-evaluate.ts
FN:6,inlineStyleProperty
FN:66,getNumberValue
FNF:2
FNH:0
FNDA:0,inlineStyleProperty
FNDA:0,getNumberValue
DA:19,0
DA:20,0
DA:25,0
DA:28,0
DA:29,0
DA:30,0
DA:32,0
DA:33,0
DA:39,0
DA:40,0
DA:43,0
DA:44,0
DA:47,0
DA:52,0
DA:53,0
DA:54,0
DA:57,0
DA:61,0
DA:63,0
DA:74,0
DA:75,0
DA:76,0
DA:77,0
DA:79,0
DA:80,0
DA:81,0
DA:84,0
DA:86,0
DA:87,0
DA:88,0
DA:90,0
LF:31
LH:0
BRDA:16,0,0,0
BRDA:20,1,0,0
BRDA:20,1,1,0
BRDA:21,2,0,0
BRDA:21,2,1,0
BRDA:21,2,2,0
BRDA:21,2,3,0
BRDA:29,3,0,0
BRDA:29,3,1,0
BRDA:32,4,0,0
BRDA:32,4,1,0
BRDA:40,5,0,0
BRDA:40,5,1,0
BRDA:53,6,0,0
BRDA:53,6,1,0
BRDA:57,7,0,0
BRDA:57,7,1,0
BRDA:57,8,0,0
BRDA:57,8,1,0
BRDA:57,8,2,0
BRDA:57,8,3,0
BRDA:76,9,0,0
BRDA:76,9,1,0
BRDA:80,10,0,0
BRDA:80,10,1,0
BRDA:87,11,0,0
BRDA:87,11,1,0
BRF:27
BRH:0
end_of_record
TN:
SF:lib/checks/shared/is-on-screen-evaluate.ts
FN:3,isOnScreenEvaluate
FNF:1
FNH:0
FNDA:0,isOnScreenEvaluate
DA:5,0
LF:1
LH:0
BRF:0
BRH:0
end_of_record
TN:
SF:lib/checks/shared/non-empty-if-present-evaluate.ts
FN:1,nonEmptyIfPresentEvaluate
FNF:1
FNH:0
FNDA:0,nonEmptyIfPresentEvaluate
DA:8,0
DA:9,0
DA:10,0
DA:12,0
DA:13,0
DA:18,0
DA:19,0
DA:21,0
LF:8
LH:0
BRDA:9,0,0,0
BRDA:9,0,1,0
BRDA:12,1,0,0
BRDA:12,1,1,0
BRDA:18,2,0,0
BRDA:18,2,1,0
BRDA:18,3,0,0
BRDA:18,3,1,0
BRF:8
BRH:0
end_of_record
TN:
SF:lib/checks/shared/presentational-role-evaluate.ts
FN:5,presentationalRoleEvaluate
FN:42,(anonymous_1)
FNF:2
FNH:0
FNDA:0,presentationalRoleEvaluate
FNDA:0,(anonymous_1)
DA:11,0
DA:16,0
DA:21,0
DA:25,0
DA:28,0
DA:30,0
DA:31,0
DA:32,0
DA:36,0
DA:37,0
DA:42,0
DA:43,0
DA:45,0
DA:48,0
DA:49,0
DA:50,0
DA:51,0
DA:53,0
DA:56,0
DA:60,0
LF:20
LH:0
BRDA:16,0,0,0
BRDA:16,0,1,0
BRDA:17,1,0,0
BRDA:17,1,1,0
BRDA:17,1,2,0
BRDA:30,2,0,0
BRDA:30,2,1,0
BRDA:30,3,0,0
BRDA:30,3,1,0
BRDA:36,4,0,0
BRDA:36,4,1,0
BRDA:36,5,0,0
BRDA:36,5,1,0
BRDA:48,6,0,0
BRDA:48,6,1,0
BRDA:48,7,0,0
BRDA:48,7,1,0
BRDA:50,8,0,0
BRDA:50,8,1,0
BRDA:50,9,0,0
BRDA:50,9,1,0
BRF:21
BRH:0
end_of_record
TN:
SF:lib/checks/shared/svg-non-empty-title-evaluate.ts
FN:3,svgNonEmptyTitleEvaluate
FN:13,(anonymous_1)
FNF:2
FNH:0
FNDA:0,svgNonEmptyTitleEvaluate
FNDA:0,(anonymous_1)
DA:9,0
DA:10,0
DA:13,0
DA:14,0
DA:17,0
DA:18,0
DA:21,0
DA:24,0
DA:25,0
DA:26,0
DA:27,0
DA:30,0
DA:33,0
DA:36,0
LF:14
LH:0
BRDA:9,0,0,0
BRDA:9,0,1,0
BRDA:17,1,0,0
BRDA:17,1,1,0
BRDA:26,2,0,0
BRDA:26,2,1,0
BRF:6
BRH:0
end_of_record
TN:
SF:lib/checks/tables/caption-faked-evaluate.ts
FN:3,captionFakedEvaluate
FN:16,(anonymous_1)
FNF:2
FNH:0
FNDA:0,captionFakedEvaluate
FNDA:0,(anonymous_1)
DA:4,0
DA:5,0
DA:7,0
DA:13,0
DA:16,0
DA:17,0
LF:6
LH:0
BRDA:7,0,0,0
BRDA:7,0,1,0
BRDA:8,1,0,0
BRDA:8,1,1,0
BRDA:8,1,2,0
BRDA:8,1,3,0
BRDA:17,2,0,0
BRDA:17,2,1,0
BRDA:17,2,2,0
BRF:9
BRH:0
end_of_record
TN:
SF:lib/checks/tables/html5-scope-evaluate.ts
FN:3,html5ScopeEvaluate
FNF:1
FNH:0
FNDA:0,html5ScopeEvaluate
DA:4,0
DA:5,0
DA:8,0
LF:3
LH:0
BRDA:4,0,0,0
BRDA:4,0,1,0
BRF:2
BRH:0
end_of_record
TN:
SF:lib/checks/tables/same-caption-summary-evaluate.ts
FN:5,sameCaptionSummaryEvaluate
FN:25,isCaptionNode
FNF:2
FNH:0
FNDA:0,sameCaptionSummaryEvaluate
FNDA:0,isCaptionNode
DA:10,0
DA:11,0
DA:14,0
DA:15,0
DA:16,0
DA:18,0
DA:19,0
DA:22,0
DA:26,0
LF:9
LH:0
BRDA:10,0,0,0
BRDA:10,0,1,0
BRDA:16,1,0,0
BRDA:16,1,1,0
BRDA:18,2,0,0
BRDA:18,2,1,0
BRDA:18,3,0,0
BRDA:18,3,1,0
BRF:8
BRH:0
end_of_record
TN:
SF:lib/checks/tables/scope-value-evaluate.ts
FN:1,scopeValueEvaluate
FNF:1
FNH:0
FNDA:0,scopeValueEvaluate
DA:2,0
DA:4,0
LF:2
LH:0
BRF:0
BRH:0
end_of_record
TN:
SF:lib/checks/tables/td-has-header-evaluate.ts
FN:5,tdHasHeaderEvaluate
FN:10,(anonymous_1)
FN:16,(anonymous_2)
FNF:3
FNH:0
FNDA:0,tdHasHeaderEvaluate
FNDA:0,(anonymous_1)
FNDA:0,(anonymous_2)
DA:6,0
DA:7,0
DA:8,0
DA:10,0
DA:12,0
DA:14,0
DA:17,0
DA:21,0
DA:22,0
DA:27,0
DA:28,0
DA:29,0
DA:32,0
LF:13
LH:0
BRDA:12,0,0,0
BRDA:12,0,1,0
BRDA:12,1,0,0
BRDA:12,1,1,0
BRDA:12,1,2,0
BRDA:17,2,0,0
BRDA:17,2,1,0
BRDA:21,3,0,0
BRDA:21,3,1,0
BRDA:27,4,0,0
BRDA:27,4,1,0
BRF:11
BRH:0
end_of_record
TN:
SF:lib/checks/tables/td-headers-attr-evaluate.ts
FN:15,tdHeadersAttrEvaluate
FN:48,(anonymous_1)
FN:61,(anonymous_2)
FNF:3
FNH:0
FNDA:0,tdHeadersAttrEvaluate
FNDA:0,(anonymous_1)
FNDA:0,(anonymous_2)
DA:7,0
DA:13,0
DA:19,0
DA:20,0
DA:21,0
DA:22,0
DA:23,0
DA:24,0
DA:27,0
DA:28,0
DA:29,0
DA:30,0
DA:32,0
DA:35,0
DA:36,0
DA:37,0
DA:42,0
DA:48,0
DA:49,0
DA:50,0
DA:52,0
DA:53,0
DA:54,0
DA:55,0
DA:58,0
DA:60,0
DA:61,0
DA:62,0
DA:64,0
DA:65,0
DA:67,0
DA:68,0
DA:72,0
DA:77,0
DA:78,0
DA:79,0
DA:80,0
DA:81,0
DA:83,0
DA:84,0
DA:87,0
LF:41
LH:0
BRDA:23,0,0,0
BRDA:23,0,1,0
BRDA:29,1,0,0
BRDA:29,1,1,0
BRDA:36,2,0,0
BRDA:36,2,1,0
BRDA:37,3,0,0
BRDA:37,3,1,0
BRDA:49,4,0,0
BRDA:49,4,1,0
BRDA:49,5,0,0
BRDA:49,5,1,0
BRDA:53,6,0,0
BRDA:53,6,1,0
BRDA:62,7,0,0
BRDA:62,7,1,0
BRDA:62,8,0,0
BRDA:62,8,1,0
BRDA:65,9,0,0
BRDA:65,9,1,0
BRDA:68,10,0,0
BRDA:68,10,1,0
BRDA:78,11,0,0
BRDA:78,11,1,0
BRDA:80,12,0,0
BRDA:80,12,1,0
BRF:26
BRH:0
end_of_record
TN:
SF:lib/checks/tables/th-has-data-cells-evaluate.ts
FN:5,thHasDataCellsEvaluate
FN:14,(anonymous_1)
FN:27,(anonymous_2)
FN:40,(anonymous_3)
FN:60,(anonymous_4)
FN:72,(anonymous_5)
FNF:6
FNH:0
FNDA:0,thHasDataCellsEvaluate
FNDA:0,(anonymous_1)
FNDA:0,(anonymous_2)
FNDA:0,(anonymous_3)
FNDA:0,(anonymous_4)
FNDA:0,(anonymous_5)
DA:9,0
DA:10,0
DA:13,0
DA:14,0
DA:15,0
DA:16,0
DA:17,0
DA:20,0
DA:21,0
DA:22,0
DA:27,0
DA:28,0
DA:29,0
DA:31,0
DA:37,0
DA:39,0
DA:40,0
DA:41,0
DA:45,0
DA:48,0
DA:49,0
DA:50,0
DA:55,0
DA:56,0
DA:57,0
DA:61,0
DA:68,0
DA:69,0
DA:73,0
DA:79,0
DA:80,0
DA:83,0
DA:86,0
LF:33
LH:0
BRDA:16,0,0,0
BRDA:16,0,1,0
BRDA:21,1,0,0
BRDA:21,1,1,0
BRDA:28,2,0,0
BRDA:28,2,1,0
BRDA:28,3,0,0
BRDA:28,3,1,0
BRDA:32,4,0,0
BRDA:32,4,1,0
BRDA:33,5,0,0
BRDA:33,5,1,0
BRDA:41,6,0,0
BRDA:41,6,1,0
BRDA:42,7,0,0
BRDA:42,7,1,0
BRDA:49,8,0,0
BRDA:49,8,1,0
BRDA:56,9,0,0
BRDA:56,9,1,0
BRDA:61,10,0,0
BRDA:61,10,1,0
BRDA:68,11,0,0
BRDA:68,11,1,0
BRDA:68,12,0,0
BRDA:68,12,1,0
BRDA:73,13,0,0
BRDA:73,13,1,0
BRDA:79,14,0,0
BRDA:79,14,1,0
BRDA:83,15,0,0
BRDA:83,15,1,0
BRDA:86,16,0,0
BRDA:86,16,1,0
BRF:34
BRH:0
end_of_record
TN:
SF:lib/checks/visibility/hidden-content-evaluate.ts
FN:3,hiddenContentEvaluate
FNF:1
FNH:0
FNDA:0,hiddenContentEvaluate
DA:8,0
DA:16,0
DA:20,0
DA:21,0
DA:22,0
DA:23,0
DA:25,0
DA:26,0
DA:27,0
DA:31,0
DA:35,0
LF:11
LH:0
BRDA:16,0,0,0
BRDA:16,0,1,0
BRDA:17,1,0,0
BRDA:17,1,1,0
BRDA:21,2,0,0
BRDA:21,2,1,0
BRDA:23,3,0,0
BRDA:23,3,1,0
BRDA:26,4,0,0
BRDA:26,4,1,0
BRDA:27,5,0,0
BRDA:27,5,1,0
BRDA:28,6,0,0
BRDA:28,6,1,0
BRF:14
BRH:0
end_of_record
TN:
SF:lib/commons/index.ts
FNF:0
FNH:0
LF:0
LH:0
BRF:0
BRH:0
end_of_record
TN:
SF:lib/commons/aria/allowed-attr.ts
FN:12,allowedAttr
FNF:1
FNH:0
FNDA:0,allowedAttr
DA:13,0
DA:14,0
DA:16,0
DA:17,0
DA:20,0
DA:21,0
DA:24,0
DA:25,0
DA:28,0
LF:9
LH:0
BRDA:16,0,0,0
BRDA:16,0,1,0
BRDA:20,1,0,0
BRDA:20,1,1,0
BRDA:24,2,0,0
BRDA:24,2,1,0
BRF:6
BRH:0
end_of_record
TN:
SF:lib/commons/aria/arialabel-text.ts
FN:10,arialabelText
FNF:1
FNH:0
FNDA:0,arialabelText
DA:11,0
DA:12,0
DA:13,0
DA:16,0
LF:4
LH:0
BRDA:12,0,0,0
BRDA:12,0,1,0
BRDA:16,1,0,0
BRDA:16,1,1,0
BRF:4
BRH:0
end_of_record
TN:
SF:lib/commons/aria/arialabelledby-text.ts
FN:25,arialabelledbyText
FN:56,(anonymous_1)
FN:57,(anonymous_2)
FNF:3
FNH:0
FNDA:0,arialabelledbyText
FNDA:0,(anonymous_1)
FNDA:0,(anonymous_2)
DA:29,0
DA:30,0
DA:31,0
DA:47,0
DA:53,0
DA:56,0
DA:57,0
DA:58,0
DA:65,0
DA:66,0
DA:68,0
LF:11
LH:0
BRDA:27,0,0,0
BRDA:30,1,0,0
BRDA:30,1,1,0
BRDA:47,2,0,0
BRDA:47,2,1,0
BRDA:48,3,0,0
BRDA:48,3,1,0
BRDA:48,3,2,0
BRDA:48,3,3,0
BRDA:61,4,0,0
BRDA:61,4,1,0
BRDA:65,5,0,0
BRDA:65,5,1,0
BRF:13
BRH:0
end_of_record
TN:
SF:lib/commons/aria/get-accessible-refs.ts
FN:12,cacheIdRefs
FN:57,getAccessibleRefs
FN:64,(anonymous_2)
FN:72,(anonymous_3)
FNF:4
FNH:0
FNDA:0,cacheIdRefs
FNDA:0,getAccessibleRefs
FNDA:0,(anonymous_2)
FNDA:0,(anonymous_3)
DA:7,0
DA:17,0
DA:18,0
DA:19,0
DA:20,0
DA:21,0
DA:23,0
DA:27,0
DA:28,0
DA:29,0
DA:30,0
DA:31,0
DA:34,0
DA:35,0
DA:36,0
DA:38,0
DA:44,0
DA:45,0
DA:46,0
DA:47,0
DA:58,0
DA:59,0
DA:60,0
DA:62,0
DA:64,0
DA:67,0
DA:68,0
DA:69,0
DA:70,0
DA:72,0
DA:73,0
DA:74,0
DA:75,0
DA:77,0
DA:79,0
DA:82,0
LF:36
LH:0
BRDA:17,0,0,0
BRDA:17,0,1,0
BRDA:18,1,0,0
BRDA:18,1,1,0
BRDA:18,2,0,0
BRDA:18,2,1,0
BRDA:20,3,0,0
BRDA:20,3,1,0
BRDA:29,4,0,0
BRDA:29,4,1,0
BRDA:30,5,0,0
BRDA:30,5,1,0
BRDA:35,6,0,0
BRDA:35,6,1,0
BRDA:46,7,0,0
BRDA:46,7,1,0
BRDA:46,8,0,0
BRDA:46,8,1,0
BRDA:58,9,0,0
BRDA:58,9,1,0
BRDA:60,10,0,0
BRDA:60,10,1,0
BRDA:68,11,0,0
BRDA:68,11,1,0
BRDA:74,12,0,0
BRDA:74,12,1,0
BRDA:82,13,0,0
BRDA:82,13,1,0
BRF:28
BRH:0
end_of_record
TN:
SF:lib/commons/aria/get-element-unallowed-roles.ts
FN:33,getRoleSegments
FN:45,(anonymous_1)
FN:55,getElementUnallowedRoles
FN:71,(anonymous_3)
FN:76,roleIsAllowed
FNF:5
FNH:0
FNDA:0,getRoleSegments
FNDA:0,(anonymous_1)
FNDA:0,getElementUnallowedRoles
FNDA:0,(anonymous_3)
FNDA:0,roleIsAllowed
DA:9,0
DA:19,0
DA:34,0
DA:35,0
DA:36,0
DA:39,0
DA:40,0
DA:41,0
DA:45,0
DA:59,0
DA:61,0
DA:62,0
DA:66,0
DA:67,0
DA:70,0
DA:71,0
DA:72,0
DA:82,0
DA:83,0
DA:87,0
DA:88,0
DA:91,0
LF:22
LH:0
BRDA:35,0,0,0
BRDA:35,0,1,0
BRDA:39,1,0,0
BRDA:39,1,1,0
BRDA:57,2,0,0
BRDA:61,3,0,0
BRDA:61,3,1,0
BRDA:67,4,0,0
BRDA:67,4,1,0
BRDA:67,4,2,0
BRDA:82,5,0,0
BRDA:82,5,1,0
BRDA:82,6,0,0
BRDA:82,6,1,0
BRDA:87,7,0,0
BRDA:87,7,1,0
BRDA:87,8,0,0
BRDA:87,8,1,0
BRF:18
BRH:0
end_of_record
TN:
SF:lib/commons/aria/get-explicit-role.ts
FN:11,getExplicitRole
FN:25,(anonymous_1)
FNF:2
FNH:0
FNDA:0,getExplicitRole
FNDA:0,(anonymous_1)
DA:15,0
DA:17,0
DA:18,0
DA:21,0
DA:22,0
DA:25,0
DA:26,0
DA:27,0
DA:29,0
DA:32,0
LF:10
LH:0
BRDA:13,0,0,0
BRDA:15,1,0,0
BRDA:15,1,1,0
BRDA:17,2,0,0
BRDA:17,2,1,0
BRDA:21,3,0,0
BRDA:21,3,1,0
BRDA:22,4,0,0
BRDA:22,4,1,0
BRDA:26,5,0,0
BRDA:26,5,1,0
BRDA:26,6,0,0
BRDA:26,6,1,0
BRDA:32,7,0,0
BRDA:32,7,1,0
BRF:15
BRH:0
end_of_record
TN:
SF:lib/commons/aria/get-owned-virtual.ts
FN:11,getOwnedVirtual
FN:21,(anonymous_1)
FN:22,(anonymous_2)
FNF:3
FNH:0
FNDA:0,getOwnedVirtual
FNDA:0,(anonymous_1)
FNDA:0,(anonymous_2)
DA:12,0
DA:13,0
DA:14,0
DA:19,0
DA:20,0
DA:21,0
DA:22,0
DA:23,0
DA:26,0
LF:9
LH:0
BRDA:13,0,0,0
BRDA:13,0,1,0
BRDA:19,1,0,0
BRDA:19,1,1,0
BRF:4
BRH:0
end_of_record
TN:
SF:lib/commons/aria/get-role-type.ts
FN:14,getRoleType
FNF:1
FNH:0
FNDA:0,getRoleType
DA:15,0
DA:19,0
DA:21,0
DA:22,0
LF:4
LH:0
BRDA:15,0,0,0
BRDA:15,0,1,0
BRDA:16,1,0,0
BRDA:16,1,1,0
BRDA:16,1,2,0
BRDA:22,2,0,0
BRDA:22,2,1,0
BRF:7
BRH:0
end_of_record
TN:
SF:lib/commons/aria/get-role.ts
FN:60,getInheritedRole
FN:104,resolveImplicitRole
FN:131,hasConflictResolution
FN:132,(anonymous_3)
FN:147,resolveRole
FN:194,getRole
FNF:6
FNH:0
FNDA:0,getInheritedRole
FNDA:0,resolveImplicitRole
FNDA:0,hasConflictResolution
FNDA:0,(anonymous_3)
FNDA:0,resolveRole
FNDA:0,getRole
DA:27,0
DA:64,0
DA:65,0
DA:66,0
DA:71,0
DA:72,0
DA:73,0
DA:76,0
DA:82,0
DA:83,0
DA:86,0
DA:87,0
DA:91,0
DA:97,0
DA:98,0
DA:101,0
DA:108,0
DA:112,0
DA:113,0
DA:116,0
DA:117,0
DA:118,0
DA:121,0
DA:132,0
DA:133,0
DA:135,0
DA:151,0
DA:152,0
DA:153,0
DA:156,0
DA:158,0
DA:159,0
DA:162,0
DA:163,0
DA:166,0
DA:169,0
DA:173,0
DA:198,0
DA:200,0
DA:201,0
DA:204,0
LF:41
LH:0
BRDA:65,0,0,0
BRDA:65,0,1,0
BRDA:71,1,0,0
BRDA:71,1,1,0
BRDA:72,2,0,0
BRDA:72,2,1,0
BRDA:82,3,0,0
BRDA:82,3,1,0
BRDA:87,4,0,0
BRDA:87,4,1,0
BRDA:88,5,0,0
BRDA:88,5,1,0
BRDA:97,6,0,0
BRDA:97,6,1,0
BRDA:112,7,0,0
BRDA:112,7,1,0
BRDA:117,8,0,0
BRDA:117,8,1,0
BRDA:135,9,0,0
BRDA:135,9,1,0
BRDA:149,10,0,0
BRDA:152,11,0,0
BRDA:152,11,1,0
BRDA:158,12,0,0
BRDA:158,12,1,0
BRDA:159,13,0,0
BRDA:159,13,1,0
BRDA:162,14,0,0
BRDA:162,14,1,0
BRDA:166,15,0,0
BRDA:166,15,1,0
BRDA:169,16,0,0
BRDA:169,16,1,0
BRDA:196,17,0,0
BRDA:200,18,0,0
BRDA:200,18,1,0
BRDA:200,19,0,0
BRDA:200,19,1,0
BRF:38
BRH:0
end_of_record
TN:
SF:lib/commons/aria/get-roles-by-type.ts
FN:12,getRolesByType
FNF:1
FNH:0
FNDA:0,getRolesByType
DA:13,0
LF:1
LH:0
BRF:0
BRH:0
end_of_record
TN:
SF:lib/commons/aria/get-roles-with-name-from-contents.ts
FN:11,getRolesWithNameFromContents
FNF:1
FNH:0
FNDA:0,getRolesWithNameFromContents
DA:12,0
LF:1
LH:0
BRF:0
BRH:0
end_of_record
TN:
SF:lib/commons/aria/implicit-nodes.ts
FN:13,implicitNodes
FNF:1
FNH:0
FNDA:0,implicitNodes
DA:14,0
DA:15,0
DA:17,0
DA:18,0
DA:20,0
LF:5
LH:0
BRDA:17,0,0,0
BRDA:17,0,1,0
BRDA:17,1,0,0
BRDA:17,1,1,0
BRF:4
BRH:0
end_of_record
TN:
SF:lib/commons/aria/implicit-role.ts
FN:18,implicitRole
FNF:1
FNH:0
FNDA:0,implicitRole
DA:23,0
DA:24,0
DA:30,0
DA:31,0
DA:36,0
DA:37,0
DA:39,0
DA:40,0
DA:41,0
DA:44,0
DA:45,0
DA:48,0
LF:12
LH:0
BRDA:20,0,0,0
BRDA:23,1,0,0
BRDA:23,1,1,0
BRDA:30,2,0,0
BRDA:30,2,1,0
BRDA:39,3,0,0
BRDA:39,3,1,0
BRDA:39,4,0,0
BRDA:39,4,1,0
BRDA:41,5,0,0
BRDA:41,5,1,0
BRDA:44,6,0,0
BRDA:44,6,1,0
BRDA:45,7,0,0
BRDA:45,7,1,0
BRDA:48,8,0,0
BRDA:48,8,1,0
BRF:17
BRH:0
end_of_record
TN:
SF:lib/commons/aria/index.ts
FNF:0
FNH:0
LF:0
LH:0
BRF:0
BRH:0
end_of_record
TN:
SF:lib/commons/aria/is-accessible-ref.ts
FN:8,isAccessibleRef
FNF:1
FNH:0
FNDA:0,isAccessibleRef
DA:9,0
LF:1
LH:0
BRF:0
BRH:0
end_of_record
TN:
SF:lib/commons/aria/is-aria-role-allowed-on-element.ts
FN:13,isAriaRoleAllowedOnElement
FNF:1
FNH:0
FNDA:0,isAriaRoleAllowedOnElement
DA:15,0
DA:16,0
DA:18,0
DA:20,0
DA:21,0
DA:26,0
DA:27,0
DA:29,0
LF:8
LH:0
BRDA:15,0,0,0
BRDA:15,0,1,0
BRDA:20,1,0,0
BRDA:20,1,1,0
BRDA:26,2,0,0
BRDA:26,2,1,0
BRF:6
BRH:0
end_of_record
TN:
SF:lib/commons/aria/is-combobox-popup.ts
FN:19,isComboboxPopup
FN:53,(anonymous_1)
FN:55,nearestParentWithRole
FNF:3
FNH:0
FNDA:0,isComboboxPopup
FNDA:0,(anonymous_1)
FNDA:0,nearestParentWithRole
DA:23,0
DA:24,0
DA:25,0
DA:26,0
DA:30,0
DA:31,0
DA:32,0
DA:35,0
DA:36,0
DA:37,0
DA:40,0
DA:41,0
DA:43,0
DA:44,0
DA:50,0
DA:53,0
DA:56,0
DA:57,0
DA:58,0
DA:61,0
LF:20
LH:0
BRDA:21,0,0,0
BRDA:24,1,0,0
BRDA:24,1,1,0
BRDA:25,2,0,0
BRDA:25,2,1,0
BRDA:31,3,0,0
BRDA:31,3,1,0
BRDA:36,4,0,0
BRDA:36,4,1,0
BRDA:40,5,0,0
BRDA:40,5,1,0
BRDA:53,6,0,0
BRDA:53,6,1,0
BRDA:57,7,0,0
BRDA:57,7,1,0
BRF:15
BRH:0
end_of_record
TN:
SF:lib/commons/aria/is-unsupported-role.ts
FN:11,isUnsupportedRole
FNF:1
FNH:0
FNDA:0,isUnsupportedRole
DA:12,0
DA:13,0
LF:2
LH:0
BRDA:13,0,0,0
BRDA:13,0,1,0
BRF:2
BRH:0
end_of_record
TN:
SF:lib/commons/aria/is-valid-role.ts
FN:18,isValidRole
FNF:1
FNH:0
FNDA:0,isValidRole
DA:22,0
DA:23,0
DA:24,0
DA:25,0
DA:27,0
LF:5
LH:0
BRDA:20,0,0,0
BRDA:20,1,0,0
BRDA:24,2,0,0
BRDA:24,2,1,0
BRDA:24,3,0,0
BRDA:24,3,1,0
BRDA:24,3,2,0
BRDA:27,4,0,0
BRDA:27,4,1,0
BRF:9
BRH:0
end_of_record
TN:
SF:lib/commons/aria/label-virtual.ts
FN:15,labelVirtual
FN:22,(anonymous_1)
FNF:2
FNH:0
FNDA:0,labelVirtual
FNDA:0,(anonymous_1)
DA:18,0
DA:20,0
DA:21,0
DA:23,0
DA:24,0
DA:29,0
DA:30,0
DA:35,0
DA:36,0
DA:37,0
DA:38,0
DA:39,0
DA:43,0
LF:13
LH:0
BRDA:18,0,0,0
BRDA:18,0,1,0
BRDA:24,1,0,0
BRDA:24,1,1,0
BRDA:29,2,0,0
BRDA:29,2,1,0
BRDA:36,3,0,0
BRDA:36,3,1,0
BRDA:38,4,0,0
BRDA:38,4,1,0
BRF:10
BRH:0
end_of_record
TN:
SF:lib/commons/aria/label.ts
FN:12,label
FNF:1
FNH:0
FNDA:0,label
DA:13,0
DA:14,0
LF:2
LH:0
BRF:0
BRH:0
end_of_record
TN:
SF:lib/commons/aria/lookup-table.ts
FN:4,(anonymous_0)
FN:5,(anonymous_1)
FN:2181,(anonymous_2)
FN:2310,(anonymous_3)
FN:2319,(anonymous_4)
FN:2320,(anonymous_5)
FN:2326,(anonymous_6)
FN:2336,(anonymous_7)
FN:2362,(anonymous_8)
FN:2372,(anonymous_9)
FN:2378,(anonymous_10)
FN:2385,(anonymous_11)
FN:2387,(anonymous_12)
FNF:13
FNH:0
FNDA:0,(anonymous_0)
FNDA:0,(anonymous_1)
FNDA:0,(anonymous_2)
FNDA:0,(anonymous_3)
FNDA:0,(anonymous_4)
FNDA:0,(anonymous_5)
FNDA:0,(anonymous_6)
FNDA:0,(anonymous_7)
FNDA:0,(anonymous_8)
FNDA:0,(anonymous_9)
FNDA:0,(anonymous_10)
FNDA:0,(anonymous_11)
FNDA:0,(anonymous_12)
DA:4,0
DA:5,0
DA:7,0
DA:9,0
DA:246,0
DA:269,0
DA:2095,0
DA:2098,0
DA:2182,0
DA:2183,0
DA:2186,0
DA:2246,0
DA:2309,0
DA:2311,0
DA:2312,0
DA:2314,0
DA:2315,0
DA:2317,0
DA:2319,0
DA:2321,0
DA:2322,0
DA:2324,0
DA:2327,0
DA:2329,0
DA:2331,0
DA:2333,0
DA:2337,0
DA:2340,0
DA:2342,0
DA:2343,0
DA:2345,0
DA:2347,0
DA:2349,0
DA:2353,0
DA:2357,0
DA:2359,0
DA:2363,0
DA:2367,0
DA:2368,0
DA:2370,0
DA:2373,0
DA:2374,0
DA:2376,0
DA:2379,0
DA:2383,0
DA:2386,0
DA:2389,0
DA:2393,0
DA:2395,0
DA:2404,0
LF:50
LH:0
BRDA:2182,0,0,0
BRDA:2182,0,1,0
BRDA:2311,1,0,0
BRDA:2311,1,1,0
BRDA:2314,2,0,0
BRDA:2314,2,1,0
BRDA:2321,3,0,0
BRDA:2321,3,1,0
BRDA:2327,4,0,0
BRDA:2327,4,1,0
BRDA:2327,4,2,0
BRDA:2331,5,0,0
BRDA:2331,5,1,0
BRDA:2333,6,0,0
BRDA:2333,6,1,0
BRDA:2337,7,0,0
BRDA:2337,7,1,0
BRDA:2337,7,2,0
BRDA:2337,7,3,0
BRDA:2337,7,4,0
BRDA:2337,7,5,0
BRDA:2337,7,6,0
BRDA:2337,7,7,0
BRDA:2337,7,8,0
BRDA:2337,7,9,0
BRDA:2342,8,0,0
BRDA:2342,8,1,0
BRDA:2342,9,0,0
BRDA:2342,9,1,0
BRDA:2350,10,0,0
BRDA:2350,10,1,0
BRDA:2350,10,2,0
BRDA:2353,11,0,0
BRDA:2353,11,1,0
BRDA:2367,12,0,0
BRDA:2367,12,1,0
BRDA:2373,13,0,0
BRDA:2373,13,1,0
BRDA:2386,14,0,0
BRDA:2386,14,1,0
BRDA:2386,14,2,0
BRDA:2389,15,0,0
BRDA:2389,15,1,0
BRDA:2390,16,0,0
BRDA:2390,16,1,0
BRF:45
BRH:0
end_of_record
TN:
SF:lib/commons/aria/named-from-contents.ts
FN:18,namedFromContents
FNF:1
FNH:0
FNDA:0,namedFromContents
DA:22,0
DA:23,0
DA:24,0
DA:27,0
DA:28,0
DA:30,0
DA:31,0
DA:40,0
DA:41,0
DA:43,0
LF:10
LH:0
BRDA:20,0,0,0
BRDA:22,1,0,0
BRDA:22,1,1,0
BRDA:23,2,0,0
BRDA:23,2,1,0
BRDA:30,3,0,0
BRDA:30,3,1,0
BRDA:30,4,0,0
BRDA:30,4,1,0
BRDA:40,5,0,0
BRDA:40,5,1,0
BRDA:43,6,0,0
BRDA:43,6,1,0
BRF:13
BRH:0
end_of_record
TN:
SF:lib/commons/aria/required-attr.ts
FN:11,requiredAttr
FNF:1
FNH:0
FNDA:0,requiredAttr
DA:12,0
DA:14,0
DA:15,0
DA:18,0
LF:4
LH:0
BRDA:14,0,0,0
BRDA:14,0,1,0
BRDA:14,1,0,0
BRDA:14,1,1,0
BRF:4
BRH:0
end_of_record
TN:
SF:lib/commons/aria/required-context.ts
FN:11,requiredContext
FNF:1
FNH:0
FNDA:0,requiredContext
DA:12,0
DA:14,0
DA:15,0
DA:18,0
LF:4
LH:0
BRDA:14,0,0,0
BRDA:14,0,1,0
BRDA:14,1,0,0
BRDA:14,1,1,0
BRF:4
BRH:0
end_of_record
TN:
SF:lib/commons/aria/required-owned.ts
FN:11,requiredOwned
FNF:1
FNH:0
FNDA:0,requiredOwned
DA:12,0
DA:14,0
DA:15,0
DA:18,0
LF:4
LH:0
BRDA:14,0,0,0
BRDA:14,0,1,0
BRDA:14,1,0,0
BRDA:14,1,1,0
BRF:4
BRH:0
end_of_record
TN:
SF:lib/commons/aria/validate-attr-value.ts
FN:16,validateAttrValue
FN:44,(anonymous_1)
FN:58,(anonymous_2)
FNF:3
FNH:0
FNDA:0,validateAttrValue
FNDA:0,(anonymous_1)
FNDA:0,(anonymous_2)
DA:17,0
DA:21,0
DA:22,0
DA:24,0
DA:25,0
DA:27,0
DA:28,0
DA:31,0
DA:33,0
DA:36,0
DA:42,0
DA:44,0
DA:45,0
DA:50,0
DA:51,0
DA:52,0
DA:54,0
DA:58,0
DA:62,0
DA:65,0
DA:66,0
DA:70,0
DA:73,0
LF:23
LH:0
BRDA:17,0,0,0
BRDA:17,0,1,0
BRDA:24,1,0,0
BRDA:24,1,1,0
BRDA:27,2,0,0
BRDA:27,2,1,0
BRDA:27,3,0,0
BRDA:27,3,1,0
BRDA:27,3,2,0
BRDA:31,4,0,0
BRDA:31,4,1,0
BRDA:31,4,2,0
BRDA:31,4,3,0
BRDA:31,4,4,0
BRDA:31,4,5,0
BRDA:31,4,6,0
BRDA:31,4,7,0
BRDA:37,5,0,0
BRDA:37,5,1,0
BRDA:45,6,0,0
BRDA:45,6,1,0
BRDA:52,7,0,0
BRDA:52,7,1,0
BRDA:66,8,0,0
BRDA:66,8,1,0
BRDA:66,8,2,0
BRDA:70,9,0,0
BRDA:70,9,1,0
BRDA:73,10,0,0
BRDA:73,10,1,0
BRF:30
BRH:0
end_of_record
TN:
SF:lib/commons/aria/validate-attr.ts
FN:11,validateAttr
FNF:1
FNH:0
FNDA:0,validateAttr
DA:12,0
DA:13,0
LF:2
LH:0
BRF:0
BRH:0
end_of_record
TN:
SF:lib/commons/color/center-point-of-rect.ts
FN:10,centerPointOfRect
FNF:1
FNH:0
FNDA:0,centerPointOfRect
DA:13,0
DA:14,0
DA:17,0
DA:18,0
DA:21,0
DA:25,0
DA:30,0
LF:7
LH:0
BRDA:13,0,0,0
BRDA:13,0,1,0
BRDA:17,1,0,0
BRDA:17,1,1,0
BRF:4
BRH:0
end_of_record
TN:
SF:lib/commons/color/color.ts
FN:27,(anonymous_0)
FN:67,(anonymous_1)
FN:71,(anonymous_2)
FN:76,(anonymous_3)
FN:80,(anonymous_4)
FN:85,(anonymous_5)
FN:89,(anonymous_6)
FN:94,(anonymous_7)
FN:98,(anonymous_8)
FN:103,(anonymous_9)
FN:107,(anonymous_10)
FN:112,(anonymous_11)
FN:116,(anonymous_12)
FN:128,(anonymous_13)
FN:140,(anonymous_14)
FN:151,(anonymous_15)
FN:156,(anonymous_16)
FN:221,(anonymous_17)
FN:233,(anonymous_18)
FN:249,(anonymous_19)
FN:261,(anonymous_20)
FN:280,(anonymous_21)
FN:296,(anonymous_22)
FN:309,(anonymous_23)
FN:322,(anonymous_24)
FN:335,(anonymous_25)
FN:344,(anonymous_26)
FN:374,(anonymous_27)
FN:397,clamp
FN:402,radToDeg
FN:407,turnToDeg
FNF:31
FNH:9
FNDA:8,(anonymous_0)
FNDA:54,(anonymous_1)
FNDA:0,(anonymous_2)
FNDA:54,(anonymous_3)
FNDA:0,(anonymous_4)
FNDA:54,(anonymous_5)
FNDA:0,(anonymous_6)
FNDA:0,(anonymous_7)
FNDA:8,(anonymous_8)
FNDA:0,(anonymous_9)
FNDA:8,(anonymous_10)
FNDA:0,(anonymous_11)
FNDA:8,(anonymous_12)
FNDA:0,(anonymous_13)
FNDA:0,(anonymous_14)
FNDA:0,(anonymous_15)
FNDA:0,(anonymous_16)
FNDA:0,(anonymous_17)
FNDA:0,(anonymous_18)
FNDA:0,(anonymous_19)
FNDA:54,(anonymous_20)
FNDA:0,(anonymous_21)
FNDA:0,(anonymous_22)
FNDA:0,(anonymous_23)
FNDA:0,(anonymous_24)
FNDA:0,(anonymous_25)
FNDA:0,(anonymous_26)
FNDA:0,(anonymous_27)
FNDA:24,clamp
FNDA:0,radToDeg
FNDA:0,turnToDeg
DA:4,3
DA:5,3
DA:33,8
DA:34,0
DA:36,8
DA:37,8
DA:38,8
DA:39,8
DA:40,8
DA:41,8
DA:42,8
DA:44,8
DA:46,0
DA:47,0
DA:48,0
DA:49,0
DA:50,0
DA:51,0
DA:55,8
DA:58,8
DA:61,8
DA:64,8
DA:68,54
DA:72,0
DA:73,0
DA:77,54
DA:81,0
DA:82,0
DA:86,54
DA:90,0
DA:91,0
DA:95,0
DA:99,8
DA:100,8
DA:104,0
DA:108,8
DA:109,8
DA:113,0
DA:117,8
DA:118,8
DA:129,0
DA:130,0
DA:131,0
DA:132,0
DA:141,0
DA:142,0
DA:154,0
DA:157,0
DA:159,0
DA:161,0
DA:163,0
DA:165,0
DA:170,0
DA:175,0
DA:183,0
DA:184,0
DA:188,0
DA:195,0
DA:196,0
DA:197,0
DA:200,0
DA:201,0
DA:202,0
DA:204,0
DA:206,0
DA:207,0
DA:210,0
DA:222,0
DA:234,0
DA:235,0
DA:238,0
DA:250,0
DA:262,54
DA:265,54
DA:267,54
DA:269,54
DA:271,54
DA:281,0
DA:282,0
DA:283,0
DA:284,0
DA:285,0
DA:297,0
DA:310,0
DA:311,0
DA:323,0
DA:336,0
DA:337,0
DA:344,0
DA:345,0
DA:347,0
DA:348,0
DA:349,0
DA:351,0
DA:352,0
DA:353,0
DA:355,0
DA:358,0
DA:360,0
DA:361,0
DA:362,0
DA:363,0
DA:375,0
DA:376,0
DA:377,0
DA:378,0
DA:380,0
DA:381,0
DA:382,0
DA:383,0
DA:386,0
DA:387,0
DA:388,0
DA:389,0
DA:392,0
DA:398,24
DA:403,0
DA:408,0
LF:118
LH:30
BRDA:33,0,0,0
BRDA:33,0,1,8
BRDA:44,1,0,0
BRDA:44,1,1,8
BRDA:134,2,0,0
BRDA:134,2,1,0
BRDA:135,3,0,0
BRDA:135,3,1,0
BRDA:136,4,0,0
BRDA:136,4,1,0
BRDA:159,5,0,0
BRDA:159,5,1,0
BRDA:159,5,2,0
BRDA:175,6,0,0
BRDA:175,6,1,0
BRDA:176,7,0,0
BRDA:176,7,1,0
BRDA:195,8,0,0
BRDA:195,8,1,0
BRDA:234,9,0,0
BRDA:234,9,1,0
BRDA:234,10,0,0
BRDA:234,10,1,0
BRDA:265,11,0,18
BRDA:265,11,1,36
BRDA:267,12,0,18
BRDA:267,12,1,36
BRDA:269,13,0,27
BRDA:269,13,1,27
BRDA:351,14,0,0
BRDA:351,14,1,0
BRDA:380,15,0,0
BRDA:380,15,1,0
BRDA:386,16,0,0
BRDA:386,16,1,0
BRF:35
BRH:8
end_of_record
TN:
SF:lib/commons/color/element-has-image.ts
FN:13,elementHasImage
FNF:1
FNH:0
FNDA:0,elementHasImage
DA:14,0
DA:15,0
DA:17,0
DA:18,0
DA:19,0
DA:22,0
DA:24,0
DA:25,0
DA:27,0
DA:28,0
DA:29,0
DA:32,0
LF:12
LH:0
BRDA:17,0,0,0
BRDA:17,0,1,0
BRDA:22,1,0,0
BRDA:22,1,1,0
BRDA:27,2,0,0
BRDA:27,2,1,0
BRDA:29,3,0,0
BRDA:29,3,1,0
BRF:8
BRH:0
end_of_record
TN:
SF:lib/commons/color/element-is-distinct.ts
FN:9,_getFonts
FN:13,(anonymous_1)
FN:27,elementIsDistinct
FN:40,(anonymous_3)
FN:72,(anonymous_4)
FNF:5
FNH:0
FNDA:0,_getFonts
FNDA:0,(anonymous_1)
FNDA:0,elementIsDistinct
FNDA:0,(anonymous_3)
FNDA:0,(anonymous_4)
DA:10,0
DA:14,0
DA:31,0
DA:34,0
DA:35,0
DA:39,0
DA:41,0
DA:42,0
DA:45,0
DA:56,0
DA:57,0
DA:60,0
DA:62,0
DA:63,0
DA:66,0
DA:73,0
DA:80,0
[...]
DA:56,1
DA:66,8
DA:68,8
DA:69,7
DA:71,8
DA:72,19
DA:73,19
DA:74,19
DA:75,5
DA:77,14
DA:82,3
DA:84,11
DA:87,0
DA:99,1272
DA:101,1272
DA:102,1272
DA:103,17806
DA:104,17806
DA:105,33072
DA:107,16536
DA:111,1272
LF:21
LH:20
BRDA:74,0,0,5
BRDA:74,0,1,14
BRDA:77,1,0,3
BRDA:77,1,1,11
BRDA:99,2,0,1270
BRDA:99,2,1,2
BRDA:104,3,0,1270
BRDA:104,3,1,16536
BRF:8
BRH:8
end_of_record
TN:
SF:lib/core/utils/frame-messenger/assert-window.ts
FN:3,assertIsParentWindow
FN:11,assertIsFrameWindow
FN:19,assetNotGlobalWindow
FNF:3
FNH:0
FNDA:0,assertIsParentWindow
FNDA:0,assertIsFrameWindow
FNDA:0,assetNotGlobalWindow
DA:4,0
DA:5,0
DA:12,0
DA:13,0
DA:20,0
LF:5
LH:0
BRF:0
BRH:0
end_of_record
TN:
SF:lib/core/utils/frame-messenger/channel-store.ts
FN:10,storeReplyHandler
FN:22,getReplyHandler
FN:28,deleteReplyHandler
FNF:3
FNH:0
FNDA:0,storeReplyHandler
FNDA:0,getReplyHandler
FNDA:0,deleteReplyHandler
DA:8,0
DA:15,0
DA:19,0
DA:25,0
DA:29,0
LF:5
LH:0
BRDA:13,0,0,0
BRF:1
BRH:0
end_of_record
TN:
SF:lib/core/utils/frame-messenger/create-responder.ts
FN:10,createResponder
FN:19,respond
FNF:2
FNH:0
FNDA:0,createResponder
FNDA:0,respond
DA:19,0
DA:24,0
DA:25,0
LF:3
LH:0
BRDA:13,0,0,0
BRF:1
BRH:0
end_of_record
TN:
SF:lib/core/utils/frame-messenger/message-handler.ts
FN:9,originIsAllowed
FN:21,messageHandler
FN:59,callReplyHandler
FNF:3
FNH:0
FNDA:0,originIsAllowed
FNDA:0,messageHandler
FNDA:0,callReplyHandler
DA:11,0
DA:12,0
DA:13,0
DA:28,0
DA:29,0
DA:30,0
DA:32,0
DA:33,0
DA:37,0
DA:38,0
DA:39,0
DA:42,0
DA:43,0
DA:44,0
DA:45,0
DA:46,0
DA:48,0
DA:51,0
DA:54,0
DA:55,0
DA:60,0
DA:61,0
DA:63,0
DA:64,0
DA:66,0
DA:67,0
DA:69,0
DA:70,0
DA:73,0
DA:74,0
DA:76,0
DA:77,0
LF:32
LH:0
BRDA:13,0,0,0
BRDA:13,0,1,0
BRDA:13,0,2,0
BRDA:29,1,0,0
BRDA:29,1,1,0
BRDA:32,2,0,0
BRDA:32,2,1,0
BRDA:32,3,0,0
BRDA:32,3,1,0
BRDA:37,4,0,0
BRDA:37,4,1,0
BRDA:37,5,0,0
BRDA:37,5,1,0
BRDA:43,6,0,0
BRDA:43,6,1,0
BRDA:61,7,0,0
BRDA:61,7,1,0
BRDA:63,8,0,0
BRDA:63,8,1,0
BRDA:66,9,0,0
BRDA:66,9,1,0
BRDA:69,10,0,0
BRDA:69,10,1,0
BRDA:69,11,0,0
BRDA:69,11,1,0
BRF:25
BRH:0
end_of_record
TN:
SF:lib/core/utils/frame-messenger/message-id.ts
FN:6,createMessageId
FN:17,isNewMessage
FNF:2
FNH:0
FNDA:0,createMessageId
FNDA:0,isNewMessage
DA:4,0
DA:7,0
DA:9,0
DA:10,0
DA:13,0
DA:14,0
DA:18,0
DA:19,0
DA:21,0
DA:22,0
LF:10
LH:0
BRDA:9,0,0,0
BRDA:9,0,1,0
BRDA:18,1,0,0
BRDA:18,1,1,0
BRF:4
BRH:0
end_of_record
TN:
SF:lib/core/utils/frame-messenger/message-parser.ts
FN:36,stringifyMessage
FN:75,parseMessage
FN:116,isRespondableMessage
FN:130,buildErrorObject
FN:152,getSource
FNF:5
FNH:0
FNDA:0,stringifyMessage
FNDA:0,parseMessage
FNDA:0,isRespondableMessage
FNDA:0,buildErrorObject
FNDA:0,getSource
DA:1,0
DA:43,0
DA:48,0
DA:49,0
DA:51,0
DA:52,0
DA:55,0
DA:56,0
DA:60,0
DA:61,0
DA:63,0
DA:65,0
DA:67,0
DA:79,0
DA:80,0
DA:82,0
DA:84,0
DA:85,0
DA:88,0
DA:90,0
DA:96,0
DA:101,0
DA:102,0
DA:104,0
DA:105,0
DA:107,0
DA:117,0
DA:135,0
DA:136,0
DA:138,0
DA:142,0
DA:143,0
DA:145,0
DA:153,0
DA:154,0
DA:157,0
DA:162,0
DA:164,0
DA:166,0
DA:168,0
LF:40
LH:0
BRDA:48,0,0,0
BRDA:48,0,1,0
BRDA:51,1,0,0
BRDA:51,1,1,0
BRDA:55,2,0,0
BRDA:55,2,1,0
BRDA:60,3,0,0
BRDA:60,3,1,0
BRDA:84,4,0,0
BRDA:84,4,1,0
BRDA:90,5,0,0
BRDA:90,5,1,0
BRDA:101,6,0,0
BRDA:101,6,1,0
BRDA:104,7,0,0
BRDA:104,7,1,0
BRDA:118,8,0,0
BRDA:118,8,1,0
BRDA:118,8,2,0
BRDA:118,8,3,0
BRDA:135,9,0,0
BRDA:135,9,1,0
BRDA:136,10,0,0
BRDA:136,10,1,0
BRDA:138,11,0,0
BRDA:138,11,1,0
BRDA:142,12,0,0
BRDA:142,12,1,0
BRDA:157,13,0,0
BRDA:157,13,1,0
BRDA:158,14,0,0
BRDA:158,14,1,0
BRDA:158,14,2,0
BRDA:164,15,0,0
BRDA:164,15,1,0
BRF:35
BRH:0
end_of_record
TN:
SF:lib/core/utils/frame-messenger/post-message.ts
FN:24,postMessage
FN:59,(anonymous_1)
FNF:2
FNH:0
FNDA:0,postMessage
FNDA:0,(anonymous_1)
DA:31,0
DA:32,0
DA:33,0
DA:34,0
DA:37,0
DA:49,0
DA:50,0
DA:51,0
DA:52,0
DA:55,0
DA:56,0
DA:59,0
DA:60,0
DA:61,0
DA:63,0
DA:67,0
DA:71,0
DA:74,0
LF:18
LH:0
BRDA:31,0,0,0
BRDA:31,0,1,0
BRDA:32,1,0,0
BRDA:32,1,1,0
BRDA:32,2,0,0
BRDA:32,2,1,0
BRDA:51,3,0,0
BRDA:51,3,1,0
BRDA:51,4,0,0
BRDA:51,4,1,0
BRDA:55,5,0,0
BRDA:55,5,1,0
BRDA:63,6,0,0
BRDA:63,6,1,0
BRF:14
BRH:0
end_of_record
TN:
SF:lib/core/utils/frame-messenger/process-error.ts
FN:8,processError
FNF:1
FNH:0
FNDA:0,processError
DA:13,0
DA:14,0
DA:17,0
DA:18,0
DA:30,0
LF:5
LH:0
BRDA:13,0,0,0
BRDA:13,0,1,0
BRF:2
BRH:0
end_of_record
TN:
SF:lib/rules/aria-allowed-attr-matches.ts
FN:3,ariaAllowedAttrMatches
FNF:1
FNH:0
FNDA:0,ariaAllowedAttrMatches
DA:7,0
DA:8,0
DA:9,0
DA:10,0
DA:11,0
DA:12,0
DA:17,0
LF:7
LH:0
BRDA:9,0,0,0
BRDA:9,0,1,0
BRDA:11,1,0,0
BRDA:11,1,1,0
BRF:4
BRH:0
end_of_record
TN:
SF:lib/rules/aria-allowed-role-matches.ts
FN:4,ariaAllowedRoleMatches
FNF:1
FNH:0
FNDA:0,ariaAllowedRoleMatches
DA:8,0
LF:1
LH:0
BRF:0
BRH:0
end_of_record
TN:
SF:lib/rules/aria-has-attr-matches.ts
FN:3,ariaHasAttrMatches
FN:9,(anonymous_1)
FNF:2
FNH:0
FNDA:0,ariaHasAttrMatches
FNDA:0,(anonymous_1)
DA:7,0
DA:9,0
DA:10,0
LF:3
LH:0
BRF:0
BRH:0
end_of_record
TN:
SF:lib/rules/aria-hidden-focus-matches.ts
FN:8,shouldMatchElement
FN:18,ariaHiddenFocusMatches
FNF:2
FNH:0
FNDA:0,shouldMatchElement
FNDA:0,ariaHiddenFocusMatches
DA:9,0
DA:10,0
DA:12,0
DA:13,0
DA:15,0
DA:19,0
LF:6
LH:0
BRDA:9,0,0,0
BRDA:9,0,1,0
BRDA:12,1,0,0
BRDA:12,1,1,0
BRF:4
BRH:0
end_of_record
TN:
SF:lib/rules/aria-required-children-matches.ts
FN:4,ariaRequiredChildrenMatches
FNF:1
FNH:0
FNDA:0,ariaRequiredChildrenMatches
DA:8,0
DA:9,0
LF:2
LH:0
BRDA:9,0,0,0
BRDA:9,0,1,0
BRF:2
BRH:0
end_of_record
TN:
SF:lib/rules/aria-required-parent-matches.ts
FN:4,ariaRequiredParentMatches
FNF:1
FNH:0
FNDA:0,ariaRequiredParentMatches
DA:8,0
DA:9,0
LF:2
LH:0
BRDA:9,0,0,0
BRDA:9,0,1,0
BRF:2
BRH:0
end_of_record
TN:
SF:lib/rules/autocomplete-matches.ts
FN:8,autocompleteMatches
FNF:1
FNH:0
FNDA:0,autocompleteMatches
DA:12,0
DA:13,0
DA:14,0
DA:17,0
DA:18,0
DA:19,0
DA:23,0
DA:24,0
DA:28,0
DA:32,0
DA:33,0
DA:37,0
DA:41,0
DA:42,0
DA:46,0
DA:51,0
DA:52,0
DA:53,0
DA:54,0
DA:55,0
DA:56,0
DA:61,0
DA:68,0
DA:71,0
LF:24
LH:0
BRDA:13,0,0,0
BRDA:13,0,1,0
BRDA:13,1,0,0
BRDA:13,1,1,0
BRDA:18,2,0,0
BRDA:18,2,1,0
BRDA:23,3,0,0
BRDA:23,3,1,0
BRDA:24,4,0,0
BRDA:24,4,1,0
BRDA:25,5,0,0
BRDA:25,5,1,0
BRDA:33,6,0,0
BRDA:33,6,1,0
BRDA:34,7,0,0
BRDA:34,7,1,0
BRDA:41,8,0,0
BRDA:41,8,1,0
BRDA:42,9,0,0
BRDA:42,9,1,0
BRDA:43,10,0,0
BRDA:43,10,1,0
BRDA:53,11,0,0
BRDA:53,11,1,0
BRDA:53,12,0,0
BRDA:53,12,1,0
BRDA:53,12,2,0
BRDA:55,13,0,0
BRDA:55,13,1,0
BRDA:55,14,0,0
BRDA:55,14,1,0
BRDA:61,15,0,0
BRDA:61,15,1,0
BRDA:62,16,0,0
BRDA:62,16,1,0
BRDA:62,16,2,0
BRDA:62,16,3,0
BRDA:62,16,4,0
BRF:38
BRH:0
end_of_record
TN:
SF:lib/rules/bypass-matches.ts
FN:4,bypassMatches
FNF:1
FNH:0
FNDA:0,bypassMatches
DA:10,0
DA:11,0
DA:16,0
LF:3
LH:0
BRDA:10,0,0,0
BRDA:10,0,1,0
BRF:2
BRH:0
end_of_record
TN:
SF:lib/rules/color-contrast-matches.ts
FN:21,colorContrastMatches
FN:126,(anonymous_1)
FN:131,(anonymous_2)
FN:169,(anonymous_3)
FN:177,(anonymous_4)
FN:193,hasRealTextChildren
FN:202,(anonymous_6)
FNF:7
FNH:0
FNDA:0,colorContrastMatches
FNDA:0,(anonymous_1)
FNDA:0,(anonymous_2)
FNDA:0,(anonymous_3)
FNDA:0,(anonymous_4)
FNDA:0,hasRealTextChildren
FNDA:0,(anonymous_6)
DA:25,0
DA:28,0
DA:29,0
DA:32,0
DA:33,0
DA:37,0
DA:45,0
DA:46,0
DA:49,0
DA:50,0
DA:56,0
DA:57,0
DA:58,0
DA:59,0
DA:61,0
DA:65,0
DA:66,0
DA:73,0
DA:74,0
DA:78,0
DA:80,0
DA:81,0
DA:82,0
DA:83,0
DA:88,0
DA:89,0
DA:90,0
DA:94,0
DA:96,0
DA:100,0
DA:106,0
DA:113,0
DA:115,0
DA:116,0
DA:120,0
DA:121,0
DA:122,0
DA:124,0
DA:125,0
DA:127,0
DA:131,0
DA:133,0
DA:135,0
DA:138,0
DA:142,0
DA:145,0
DA:146,0
DA:149,0
DA:152,0
DA:155,0
DA:156,0
DA:157,0
DA:158,0
DA:159,0
DA:163,0
DA:167,0
DA:168,0
DA:169,0
DA:171,0
DA:173,0
DA:174,0
DA:177,0
DA:178,0
DA:181,0
DA:187,0
DA:194,0
DA:195,0
DA:199,0
DA:201,0
DA:203,0
LF:70
LH:0
BRDA:28,0,0,0
BRDA:28,0,1,0
BRDA:32,1,0,0
BRDA:32,1,1,0
BRDA:32,2,0,0
BRDA:32,2,1,0
BRDA:45,3,0,0
BRDA:45,3,1,0
BRDA:45,4,0,0
BRDA:45,4,1,0
BRDA:49,5,0,0
BRDA:49,5,1,0
BRDA:49,6,0,0
BRDA:49,6,1,0
BRDA:57,7,0,0
BRDA:57,7,1,0
BRDA:61,8,0,0
BRDA:61,8,1,0
BRDA:73,9,0,0
BRDA:73,9,1,0
BRDA:81,10,0,0
BRDA:81,10,1,0
BRDA:81,11,0,0
BRDA:81,11,1,0
BRDA:82,12,0,0
BRDA:82,12,1,0
BRDA:83,13,0,0
BRDA:83,13,1,0
BRDA:88,14,0,0
BRDA:88,14,1,0
BRDA:94,15,0,0
BRDA:94,15,1,0
BRDA:96,16,0,0
BRDA:96,16,1,0
BRDA:97,17,0,0
BRDA:97,17,1,0
BRDA:115,18,0,0
BRDA:115,18,1,0
BRDA:115,19,0,0
BRDA:115,19,1,0
BRDA:124,20,0,0
BRDA:124,20,1,0
BRDA:128,21,0,0
BRDA:128,21,1,0
BRDA:138,22,0,0
BRDA:138,22,1,0
BRDA:139,23,0,0
BRDA:139,23,1,0
BRDA:145,24,0,0
BRDA:145,24,1,0
BRDA:149,25,0,0
BRDA:149,25,1,0
BRDA:159,26,0,0
BRDA:159,26,1,0
BRDA:160,27,0,0
BRDA:160,27,1,0
BRDA:173,28,0,0
BRDA:173,28,1,0
BRDA:181,29,0,0
BRDA:181,29,1,0
BRDA:195,30,0,0
BRDA:195,30,1,0
BRDA:196,31,0,0
BRDA:196,31,1,0
BRDA:203,32,0,0
BRDA:203,32,1,0
BRF:66
BRH:0
end_of_record
TN:
SF:lib/rules/data-table-large-matches.ts
FN:3,dataTableLargeMatches
FNF:1
FNH:0
FNDA:0,dataTableLargeMatches
DA:4,0
DA:5,0
DA:6,0
DA:14,0
LF:4
LH:0
BRDA:4,0,0,0
BRDA:4,0,1,0
BRDA:7,1,0,0
BRDA:7,1,1,0
BRDA:7,1,2,0
BRDA:7,1,3,0
BRF:6
BRH:0
end_of_record
TN:
SF:lib/rules/data-table-matches.ts
FN:3,dataTableMatches
FNF:1
FNH:0
FNDA:0,dataTableMatches
DA:4,0
LF:1
LH:0
BRF:0
BRH:0
end_of_record
TN:
SF:lib/rules/duplicate-id-active-matches.ts
FN:5,duplicateIdActiveMatches
FNF:1
FNH:0
FNDA:0,duplicateIdActiveMatches
DA:6,0
DA:7,0
DA:8,0
DA:12,0
LF:4
LH:0
BRDA:12,0,0,0
BRDA:12,0,1,0
BRF:2
BRH:0
end_of_record
TN:
SF:lib/rules/duplicate-id-aria-matches.ts
FN:3,duplicateIdAriaMatches
FNF:1
FNH:0
FNDA:0,duplicateIdAriaMatches
DA:4,0
LF:1
LH:0
BRF:0
BRH:0
end_of_record
TN:
SF:lib/rules/duplicate-id-misc-matches.ts
FN:5,duplicateIdMiscMatches
FN:13,(anonymous_1)
FNF:2
FNH:0
FNDA:0,duplicateIdMiscMatches
FNDA:0,(anonymous_1)
DA:6,0
DA:7,0
DA:8,0
DA:12,0
DA:13,0
LF:5
LH:0
BRDA:13,0,0,0
BRDA:13,0,1,0
BRF:2
BRH:0
end_of_record
TN:
SF:lib/rules/frame-focusable-content-matches.ts
FN:3,frameFocusableContentMatches
FNF:1
FNH:0
FNDA:0,frameFocusableContentMatches
DA:13,0
LF:1
LH:0
BRDA:14,0,0,0
BRDA:14,0,1,0
BRDA:14,0,2,0
BRDA:16,1,0,0
BRDA:16,1,1,0
BRDA:16,2,0,0
BRDA:16,2,1,0
BRF:7
BRH:0
end_of_record
TN:
SF:lib/rules/frame-title-has-text-matches.ts
FN:3,frameTitleHasTextMatches
FNF:1
FNH:0
FNDA:0,frameTitleHasTextMatches
DA:4,0
DA:5,0
LF:2
LH:0
BRF:0
BRH:0
end_of_record
TN:
SF:lib/rules/has-implicit-chromium-role-matches.ts
FN:4,hasImplicitChromiumRoleMatches
FNF:1
FNH:0
FNDA:0,hasImplicitChromiumRoleMatches
DA:8,0
LF:1
LH:0
BRF:0
BRH:0
end_of_record
TN:
SF:lib/rules/heading-matches.ts
FN:4,headingMatches
FNF:1
FNH:0
FNDA:0,headingMatches
DA:8,0
LF:1
LH:0
BRF:0
BRH:0
end_of_record
TN:
SF:lib/rules/html-namespace-matches.ts
FN:4,htmlNamespaceMatches
FNF:1
FNH:0
FNDA:0,htmlNamespaceMatches
DA:8,0
LF:1
LH:0
BRF:0
BRH:0
end_of_record
TN:
SF:lib/rules/identical-links-same-purpose-matches.ts
FN:5,identicalLinksSamePurposeMatches
FNF:1
FNH:0
FNDA:0,identicalLinksSamePurposeMatches
DA:9,0
DA:10,0
DA:11,0
DA:14,0
DA:15,0
DA:16,0
DA:19,0
LF:7
LH:0
BRDA:10,0,0,0
BRDA:10,0,1,0
BRDA:15,1,0,0
BRDA:15,1,1,0
BRDA:15,2,0,0
BRDA:15,2,1,0
BRF:6
BRH:0
end_of_record
TN:
SF:lib/rules/inserted-into-focus-order-matches.ts
FN:3,insertedIntoFocusOrderMatches
FNF:1
FNH:0
FNDA:0,insertedIntoFocusOrderMatches
DA:4,0
LF:1
LH:0
BRF:0
BRH:0
end_of_record
TN:
SF:lib/rules/is-initiator-matches.ts
FN:3,isInitiatorMatches
FNF:1
FNH:0
FNDA:0,isInitiatorMatches
DA:8,0
LF:1
LH:0
BRF:0
BRH:0
end_of_record
TN:
SF:lib/rules/is-visible-matches.ts
FN:4,hasVisibleTextMatches
FNF:1
FNH:0
FNDA:0,hasVisibleTextMatches
DA:5,0
LF:1
LH:0
BRF:0
BRH:0
end_of_record
TN:
SF:lib/rules/is-visible-on-screen-matches.ts
FN:4,isVisibleOnScreenMatches
FNF:1
FNH:0
FNDA:0,isVisibleOnScreenMatches
DA:8,0
LF:1
LH:0
BRF:0
BRH:0
end_of_record
TN:
SF:lib/rules/label-content-name-mismatch-matches.ts
FN:9,labelContentNameMismatchMatches
FNF:1
FNH:0
FNDA:0,labelContentNameMismatchMatches
DA:20,0
DA:21,0
DA:22,0
DA:25,0
DA:26,0
DA:27,0
DA:28,0
DA:31,0
DA:32,0
DA:33,0
DA:39,0
DA:43,0
DA:49,0
DA:50,0
DA:53,0
LF:15
LH:0
BRDA:21,0,0,0
BRDA:21,0,1,0
BRDA:27,1,0,0
BRDA:27,1,1,0
BRDA:32,2,0,0
BRDA:32,2,1,0
BRDA:39,3,0,0
BRDA:39,3,1,0
BRDA:40,4,0,0
BRDA:40,4,1,0
BRDA:49,5,0,0
BRDA:49,5,1,0
BRF:12
BRH:0
end_of_record
TN:
SF:lib/rules/label-matches.ts
FN:3,labelMatches
FNF:1
FNH:0
FNDA:0,labelMatches
DA:7,0
DA:11,0
DA:14,0
DA:15,0
LF:4
LH:0
BRDA:7,0,0,0
BRDA:7,0,1,0
BRDA:8,1,0,0
BRDA:8,1,1,0
BRF:4
BRH:0
end_of_record
TN:
SF:lib/rules/landmark-has-body-context-matches.ts
FN:4,landmarkHasBodyContextMatches
FNF:1
FNH:0
FNDA:0,landmarkHasBodyContextMatches
DA:8,0
DA:12,0
LF:2
LH:0
BRDA:13,0,0,0
BRDA:13,0,1,0
BRF:2
BRH:0
end_of_record
TN:
SF:lib/rules/landmark-unique-matches.ts
FN:7,landmarkUniqueMatches
FN:16,isLandmarkVirtual
FNF:2
FNH:0
FNDA:0,landmarkUniqueMatches
FNDA:0,isLandmarkVirtual
DA:11,0
DA:17,0
DA:18,0
DA:19,0
DA:20,0
DA:23,0
DA:25,0
DA:26,0
DA:27,0
DA:30,0
LF:10
LH:0
BRDA:12,0,0,0
BRDA:12,0,1,0
BRDA:19,1,0,0
BRDA:19,1,1,0
BRDA:25,2,0,0
BRDA:25,2,1,0
BRDA:25,3,0,0
BRDA:25,3,1,0
BRDA:30,4,0,0
BRDA:30,4,1,0
BRF:10
BRH:0
end_of_record
TN:
SF:lib/rules/layout-table-matches.ts
FN:4,dataTableMatches
FNF:1
FNH:0
FNDA:0,dataTableMatches
DA:5,0
LF:1
LH:0
BRDA:5,0,0,0
BRDA:5,0,1,0
BRF:2
BRH:0
end_of_record
TN:
SF:lib/rules/link-in-text-block-matches.ts
FN:5,linkInTextBlockMatches
FNF:1
FNH:0
FNDA:0,linkInTextBlockMatches
DA:6,0
DA:7,0
DA:9,0
DA:10,0
DA:12,0
DA:13,0
DA:15,0
DA:16,0
DA:19,0
LF:9
LH:0
BRDA:9,0,0,0
BRDA:9,0,1,0
BRDA:9,1,0,0
BRDA:9,1,1,0
BRDA:12,2,0,0
BRDA:12,2,1,0
BRDA:15,3,0,0
BRDA:15,3,1,0
BRF:8
BRH:0
end_of_record
TN:
SF:lib/rules/nested-interactive-matches.ts
FN:5,nestedInteractiveMatches
FNF:1
FNH:0
FNDA:0,nestedInteractiveMatches
DA:9,0
DA:10,0
DA:11,0
DA:14,0
LF:4
LH:0
BRDA:10,0,0,0
BRDA:10,0,1,0
BRF:2
BRH:0
end_of_record
TN:
SF:lib/rules/no-autoplay-audio-matches.ts
FN:1,noAutoplayAudioMatches
FNF:1
FNH:0
FNDA:0,noAutoplayAudioMatches
DA:8,0
DA:9,0
DA:15,0
DA:16,0
DA:19,0
LF:5
LH:0
BRDA:8,0,0,0
BRDA:8,0,1,0
BRDA:15,1,0,0
BRDA:15,1,1,0
BRDA:15,2,0,0
BRDA:15,2,1,0
BRF:6
BRH:0
end_of_record
TN:
SF:lib/rules/no-empty-role-matches.ts
FN:3,noEmptyRoleMatches
FNF:1
FNH:0
FNDA:0,noEmptyRoleMatches
DA:7,0
DA:8,0
DA:11,0
DA:12,0
DA:15,0
LF:5
LH:0
BRDA:7,0,0,0
BRDA:7,0,1,0
BRDA:11,1,0,0
BRDA:11,1,1,0
BRF:4
BRH:0
end_of_record
TN:
SF:lib/rules/no-explicit-name-required-matches.ts
FN:9,noExplicitNameRequired
FNF:1
FNH:0
FNDA:0,noExplicitNameRequired
DA:13,0
DA:14,0
DA:15,0
DA:18,0
DA:19,0
DA:20,0
DA:23,0
LF:7
LH:0
BRDA:14,0,0,0
BRDA:14,0,1,0
BRDA:14,1,0,0
BRDA:14,1,1,0
BRDA:18,2,0,0
BRDA:18,2,1,0
BRDA:19,3,0,0
BRDA:19,3,1,0
BRDA:19,4,0,0
BRDA:19,4,1,0
BRF:10
BRH:0
end_of_record
TN:
SF:lib/rules/no-naming-method-matches.ts
FN:10,noNamingMethodMatches
FNF:1
FNH:0
FNDA:0,noNamingMethodMatches
DA:14,0
DA:15,0
DA:16,0
DA:19,0
DA:23,0
DA:27,0
DA:28,0
DA:30,0
LF:8
LH:0
BRDA:15,0,0,0
BRDA:15,0,1,0
BRDA:15,1,0,0
BRDA:15,1,1,0
BRDA:19,2,0,0
BRDA:19,2,1,0
BRDA:19,3,0,0
BRDA:19,3,1,0
BRDA:27,4,0,0
BRDA:27,4,1,0
BRF:10
BRH:0
end_of_record
TN:
SF:lib/rules/no-negative-tabindex-matches.ts
FN:4,noNegativeTabindexMatches
FNF:1
FNH:0
FNDA:0,noNegativeTabindexMatches
DA:8,0
DA:9,0
LF:2
LH:0
BRDA:9,0,0,0
BRDA:9,0,1,0
BRF:2
BRH:0
end_of_record
TN:
SF:lib/rules/no-role-matches.ts
FN:3,noRoleMatches
FNF:1
FNH:0
FNDA:0,noRoleMatches
DA:4,0
LF:1
LH:0
BRF:0
BRH:0
end_of_record
TN:
SF:lib/rules/not-html-matches.ts
FN:6,notHtmlMatches
FNF:1
FNH:0
FNDA:0,notHtmlMatches
DA:10,0
LF:1
LH:0
BRF:0
BRH:0
end_of_record
TN:
SF:lib/rules/object-is-loaded-matches.ts
FN:4,(anonymous_0)
FN:5,(anonymous_1)
FN:14,objectHasLoaded
FNF:3
FNH:0
FNDA:0,(anonymous_0)
FNDA:0,(anonymous_1)
FNDA:0,objectHasLoaded
DA:5,0
DA:15,0
DA:16,0
DA:19,0
DA:20,0
DA:21,0
DA:22,0
LF:7
LH:0
BRDA:15,0,0,0
BRDA:15,0,1,0
BRF:2
BRH:0
end_of_record
TN:
SF:lib/rules/p-as-heading-matches.ts
FN:1,pAsHeadingMatches
FN:15,(anonymous_1)
FNF:2
FNH:0
FNDA:0,pAsHeadingMatches
FNDA:0,(anonymous_1)
DA:2,0
DA:3,0
DA:4,0
DA:7,0
DA:8,0
DA:12,0
DA:16,0
DA:19,0
LF:8
LH:0
BRDA:7,0,0,0
BRDA:7,0,1,0
BRDA:7,1,0,0
BRDA:7,1,1,0
BRDA:7,2,0,0
BRDA:7,2,1,0
BRDA:16,3,0,0
BRDA:16,3,1,0
BRF:8
BRH:0
end_of_record
TN:
SF:lib/rules/presentation-role-conflict-matches.ts
FN:7,presentationRoleConflictMatches
FNF:1
FNH:0
FNDA:0,presentationRoleConflictMatches
DA:11,0
LF:1
LH:0
BRF:0
BRH:0
end_of_record
TN:
SF:lib/rules/scrollable-region-focusable-matches.ts
FN:8,scrollableRegionFocusableMatches
FN:22,isNonEmptyElementOutsideViewableRect
FN:27,(anonymous_2)
FN:41,(anonymous_3)
FN:52,getContentRects
FNF:5
FNH:0
FNDA:0,scrollableRegionFocusableMatches
FNDA:0,isNonEmptyElementOutsideViewableRect
FNDA:0,(anonymous_2)
FNDA:0,(anonymous_3)
FNDA:0,getContentRects
DA:12,0
DA:25,0
DA:27,0
DA:28,0
DA:30,0
DA:31,0
DA:34,0
DA:35,0
DA:36,0
DA:38,0
DA:41,0
DA:42,0
DA:53,0
DA:54,0
DA:55,0
LF:15
LH:0
BRDA:12,0,0,0
BRDA:12,0,1,0
BRDA:12,0,2,0
BRDA:30,1,0,0
BRDA:30,1,1,0
BRDA:35,2,0,0
BRDA:35,2,1,0
BRDA:43,3,0,0
BRDA:43,3,1,0
BRDA:43,3,2,0
BRDA:43,3,3,0
BRF:11
BRH:0
end_of_record
TN:
SF:lib/rules/skip-link-matches.ts
FN:3,skipLinkMatches
FNF:1
FNH:0
FNDA:0,skipLinkMatches
DA:4,0
LF:1
LH:0
BRDA:4,0,0,0
BRDA:4,0,1,0
BRDA:4,0,2,0
BRF:3
BRH:0
end_of_record
TN:
SF:lib/rules/summary-interactive-matches.ts
FN:3,summaryIsInteractiveMatches
FN:14,(anonymous_1)
FN:22,isSlottedElm
FNF:3
FNH:0
FNDA:0,summaryIsInteractiveMatches
FNDA:0,(anonymous_1)
FNDA:0,isSlottedElm
DA:8,0
DA:9,0
DA:10,0
DA:13,0
DA:14,0
DA:16,0
DA:17,0
DA:19,0
DA:25,0
DA:26,0
LF:10
LH:0
BRDA:9,0,0,0
BRDA:9,0,1,0
BRDA:9,1,0,0
BRDA:9,1,1,0
BRDA:16,2,0,0
BRDA:16,2,1,0
BRDA:26,3,0,0
BRDA:26,3,1,0
BRF:8
BRH:0
end_of_record
TN:
SF:lib/rules/svg-namespace-matches.ts
FN:4,svgNamespaceMatches
FNF:1
FNH:0
FNDA:0,svgNamespaceMatches
DA:8,0
DA:9,0
DA:11,0
DA:12,0
DA:16,0
DA:21,0
LF:6
LH:0
BRDA:11,0,0,0
BRDA:11,0,1,0
BRF:2
BRH:0
end_of_record
TN:
SF:lib/rules/table-or-grid-role-matches.ts
FN:4,tableOrGridRoleMatches
FNF:1
FNH:0
FNDA:0,tableOrGridRoleMatches
DA:8,0
DA:9,0
LF:2
LH:0
BRDA:9,0,0,0
BRDA:9,0,1,0
BRF:2
BRH:0
end_of_record
TN:
SF:lib/rules/widget-not-inline-matches.ts
FN:7,widgetNotInline
FN:11,(anonymous_1)
FN:17,(anonymous_2)
FN:18,(anonymous_3)
FN:19,(anonymous_4)
FN:20,(anonymous_5)
FN:22,(anonymous_6)
FN:23,(anonymous_7)
FN:26,isWidgetType
FN:30,isNotAreaElement
FN:35,hasWidgetAncestorInTabOrderMemoized
FNF:11
FNH:0
FNDA:0,widgetNotInline
FNDA:0,(anonymous_1)
FNDA:0,(anonymous_2)
FNDA:0,(anonymous_3)
FNDA:0,(anonymous_4)
FNDA:0,(anonymous_5)
FNDA:0,(anonymous_6)
FNDA:0,(anonymous_7)
FNDA:0,isWidgetType
FNDA:0,isNotAreaElement
FNDA:0,hasWidgetAncestorInTabOrderMemoized
DA:11,0
DA:16,0
DA:17,0
DA:18,0
DA:19,0
DA:20,0
DA:22,0
DA:23,0
DA:27,0
DA:31,0
DA:34,0
DA:36,0
DA:37,0
DA:38,0
DA:40,0
DA:41,0
DA:43,0
LF:17
LH:0
BRDA:22,0,0,0
BRDA:22,0,1,0
BRDA:37,1,0,0
BRDA:37,1,1,0
BRDA:40,2,0,0
BRDA:40,2,1,0
BRDA:40,3,0,0
BRDA:40,3,1,0
BRF:8
BRH:0
end_of_record
TN:
SF:lib/rules/window-is-top-matches.ts
FN:2,windowIsTopMatches
FNF:1
FNH:0
FNDA:0,windowIsTopMatches
DA:3,0
LF:1
LH:0
BRF:0
BRH:0
end_of_record
TN:
SF:lib/rules/xml-lang-mismatch-matches.ts
FN:3,xmlLangMismatchMatches
FNF:1
FNH:0
FNDA:0,xmlLangMismatchMatches
DA:7,0
DA:8,0
DA:11,0
LF:3
LH:0
BRDA:11,0,0,0
BRDA:11,0,1,0
BRF:2
BRH:0
end_of_record
TN:
SF:lib/standards/aria-attrs.ts
FNF:0
FNH:0
DA:20,0
LF:1
LH:0
BRF:0
BRH:0
end_of_record
TN:
SF:lib/standards/aria-roles.ts
FNF:0
FNH:0
DA:35,0
LF:1
LH:0
BRF:0
BRH:0
end_of_record
TN:
SF:lib/standards/css-colors.ts
FNF:0
FNH:0
DA:2,0
LF:1
LH:0
BRF:0
BRH:0
end_of_record
TN:
SF:lib/standards/dpub-roles.ts
FNF:0
FNH:0
DA:4,0
LF:1
LH:0
BRF:0
BRH:0
end_of_record
TN:
SF:lib/standards/graphics-roles.ts
FNF:0
FNH:0
DA:4,0
LF:1
LH:0
BRF:0
BRH:0
end_of_record
TN:
SF:lib/standards/html-elms.ts
FNF:0
FNH:0
DA:46,0
LF:1
LH:0
BRF:0
BRH:0
end_of_record
TN:
SF:lib/standards/index.ts
FN:44,configureStandards
FN:47,(anonymous_1)
FN:59,resetStandards
FN:60,(anonymous_3)
FNF:4
FNH:0
FNDA:0,configureStandards
FNDA:0,(anonymous_1)
FNDA:0,resetStandards
FNDA:0,(anonymous_3)
DA:30,0
DA:40,0
DA:47,0
DA:48,0
DA:49,0
DA:50,0
DA:51,0
DA:60,0
DA:61,0
DA:62,0
DA:63,0
LF:11
LH:0
BRDA:50,0,0,0
BRDA:50,0,1,0
BRDA:50,1,0,0
BRDA:50,1,1,0
BRDA:62,2,0,0
BRDA:62,2,1,0
BRF:6
BRH:0
end_of_record
